CRITICAL - 2020-12-15 05:46:26 --> Undefined index: nama_mhs
#0 D:\Ampps\www\siakad\app\Views\admin\mahasiswa\v_index.php(50): CodeIgniter\Debug\Exceptions->errorHandler(8, 'Undefined index...', 'D:\\Ampps\\www\\si...', 50, Array)
#1 D:\Ampps\www\siakad\system\View\View.php(246): include('D:\\Ampps\\www\\si...')
#2 D:\Ampps\www\siakad\system\Common.php(1119): CodeIgniter\View\View->render('admin/mahasiswa...', Array, true)
#3 D:\Ampps\www\siakad\app\Views\layout\v_content.php(3): view('admin/mahasiswa...')
#4 D:\Ampps\www\siakad\system\View\View.php(246): include('D:\\Ampps\\www\\si...')
#5 D:\Ampps\www\siakad\system\Common.php(1119): CodeIgniter\View\View->render('layout/v_conten...', Array, true)
#6 D:\Ampps\www\siakad\app\Views\layout\v_wrapper.php(5): view('layout/v_conten...')
#7 D:\Ampps\www\siakad\system\View\View.php(246): include('D:\\Ampps\\www\\si...')
#8 D:\Ampps\www\siakad\system\Common.php(1119): CodeIgniter\View\View->render('layout/v_wrappe...', Array, true)
#9 D:\Ampps\www\siakad\app\Controllers\Mahasiswa.php(22): view('layout/v_wrappe...', Array)
#10 D:\Ampps\www\siakad\system\CodeIgniter.php(923): App\Controllers\mahasiswa->index()
#11 D:\Ampps\www\siakad\system\CodeIgniter.php(409): CodeIgniter\CodeIgniter->runController(Object(App\Controllers\mahasiswa))
#12 D:\Ampps\www\siakad\system\CodeIgniter.php(317): CodeIgniter\CodeIgniter->handleRequest(NULL, Object(Config\Cache), false)
#13 D:\Ampps\www\siakad\public\index.php(45): CodeIgniter\CodeIgniter->run()
#14 {main}
CRITICAL - 2020-12-15 07:19:28 --> Undefined property: App\Controllers\mahasiswa::$Model_mahasiswa
#0 D:\Ampps\www\siakad\app\Controllers\Mahasiswa.php(91): CodeIgniter\Debug\Exceptions->errorHandler(8, 'Undefined prope...', 'D:\\Ampps\\www\\si...', 91, Array)
#1 D:\Ampps\www\siakad\system\CodeIgniter.php(923): App\Controllers\mahasiswa->insert()
#2 D:\Ampps\www\siakad\system\CodeIgniter.php(409): CodeIgniter\CodeIgniter->runController(Object(App\Controllers\mahasiswa))
#3 D:\Ampps\www\siakad\system\CodeIgniter.php(317): CodeIgniter\CodeIgniter->handleRequest(NULL, Object(Config\Cache), false)
#4 D:\Ampps\www\siakad\public\index.php(45): CodeIgniter\CodeIgniter->run()
#5 {main}
CRITICAL - 2020-12-15 07:27:30 --> Undefined property: App\Controllers\mahasiswa::$Model_dosen
#0 D:\Ampps\www\siakad\app\Controllers\Mahasiswa.php(105): CodeIgniter\Debug\Exceptions->errorHandler(8, 'Undefined prope...', 'D:\\Ampps\\www\\si...', 105, Array)
#1 D:\Ampps\www\siakad\system\CodeIgniter.php(923): App\Controllers\mahasiswa->edit('4')
#2 D:\Ampps\www\siakad\system\CodeIgniter.php(409): CodeIgniter\CodeIgniter->runController(Object(App\Controllers\mahasiswa))
#3 D:\Ampps\www\siakad\system\CodeIgniter.php(317): CodeIgniter\CodeIgniter->handleRequest(NULL, Object(Config\Cache), false)
#4 D:\Ampps\www\siakad\public\index.php(45): CodeIgniter\CodeIgniter->run()
#5 {main}
CRITICAL - 2020-12-15 07:28:38 --> Invalid file: {0}
#0 D:\Ampps\www\siakad\system\View\View.php(228): CodeIgniter\Exceptions\FrameworkException::forInvalidFile('admin/mahasiswa...')
#1 D:\Ampps\www\siakad\system\Common.php(1119): CodeIgniter\View\View->render('admin/mahasiswa...', Array, true)
#2 D:\Ampps\www\siakad\app\Views\layout\v_content.php(3): view('admin/mahasiswa...')
#3 D:\Ampps\www\siakad\system\View\View.php(246): include('D:\\Ampps\\www\\si...')
#4 D:\Ampps\www\siakad\system\Common.php(1119): CodeIgniter\View\View->render('layout/v_conten...', Array, true)
#5 D:\Ampps\www\siakad\app\Views\layout\v_wrapper.php(5): view('layout/v_conten...')
#6 D:\Ampps\www\siakad\system\View\View.php(246): include('D:\\Ampps\\www\\si...')
#7 D:\Ampps\www\siakad\system\Common.php(1119): CodeIgniter\View\View->render('layout/v_wrappe...', Array, true)
#8 D:\Ampps\www\siakad\app\Controllers\Mahasiswa.php(108): view('layout/v_wrappe...', Array)
#9 D:\Ampps\www\siakad\system\CodeIgniter.php(923): App\Controllers\mahasiswa->edit('4')
#10 D:\Ampps\www\siakad\system\CodeIgniter.php(409): CodeIgniter\CodeIgniter->runController(Object(App\Controllers\mahasiswa))
#11 D:\Ampps\www\siakad\system\CodeIgniter.php(317): CodeIgniter\CodeIgniter->handleRequest(NULL, Object(Config\Cache), false)
#12 D:\Ampps\www\siakad\public\index.php(45): CodeIgniter\CodeIgniter->run()
#13 {main}
CRITICAL - 2020-12-15 07:28:51 --> Invalid file: {0}
#0 D:\Ampps\www\siakad\system\View\View.php(228): CodeIgniter\Exceptions\FrameworkException::forInvalidFile('admin/mahasiswa...')
#1 D:\Ampps\www\siakad\system\Common.php(1119): CodeIgniter\View\View->render('admin/mahasiswa...', Array, true)
#2 D:\Ampps\www\siakad\app\Views\layout\v_content.php(3): view('admin/mahasiswa...')
#3 D:\Ampps\www\siakad\system\View\View.php(246): include('D:\\Ampps\\www\\si...')
#4 D:\Ampps\www\siakad\system\Common.php(1119): CodeIgniter\View\View->render('layout/v_conten...', Array, true)
#5 D:\Ampps\www\siakad\app\Views\layout\v_wrapper.php(5): view('layout/v_conten...')
#6 D:\Ampps\www\siakad\system\View\View.php(246): include('D:\\Ampps\\www\\si...')
#7 D:\Ampps\www\siakad\system\Common.php(1119): CodeIgniter\View\View->render('layout/v_wrappe...', Array, true)
#8 D:\Ampps\www\siakad\app\Controllers\Mahasiswa.php(108): view('layout/v_wrappe...', Array)
#9 D:\Ampps\www\siakad\system\CodeIgniter.php(923): App\Controllers\mahasiswa->edit('4')
#10 D:\Ampps\www\siakad\system\CodeIgniter.php(409): CodeIgniter\CodeIgniter->runController(Object(App\Controllers\mahasiswa))
#11 D:\Ampps\www\siakad\system\CodeIgniter.php(317): CodeIgniter\CodeIgniter->handleRequest(NULL, Object(Config\Cache), false)
#12 D:\Ampps\www\siakad\public\index.php(45): CodeIgniter\CodeIgniter->run()
#13 {main}
CRITICAL - 2020-12-15 07:41:58 --> Invalid file: {0}
#0 D:\Ampps\www\siakad\system\View\View.php(228): CodeIgniter\Exceptions\FrameworkException::forInvalidFile('admin/mahasiswa...')
#1 D:\Ampps\www\siakad\system\Common.php(1119): CodeIgniter\View\View->render('admin/mahasiswa...', Array, true)
#2 D:\Ampps\www\siakad\app\Views\layout\v_content.php(3): view('admin/mahasiswa...')
#3 D:\Ampps\www\siakad\system\View\View.php(246): include('D:\\Ampps\\www\\si...')
#4 D:\Ampps\www\siakad\system\Common.php(1119): CodeIgniter\View\View->render('layout/v_conten...', Array, true)
#5 D:\Ampps\www\siakad\app\Views\layout\v_wrapper.php(5): view('layout/v_conten...')
#6 D:\Ampps\www\siakad\system\View\View.php(246): include('D:\\Ampps\\www\\si...')
#7 D:\Ampps\www\siakad\system\Common.php(1119): CodeIgniter\View\View->render('layout/v_wrappe...', Array, true)
#8 D:\Ampps\www\siakad\app\Controllers\Mahasiswa.php(108): view('layout/v_wrappe...', Array)
#9 D:\Ampps\www\siakad\system\CodeIgniter.php(923): App\Controllers\mahasiswa->edit('4')
#10 D:\Ampps\www\siakad\system\CodeIgniter.php(409): CodeIgniter\CodeIgniter->runController(Object(App\Controllers\mahasiswa))
#11 D:\Ampps\www\siakad\system\CodeIgniter.php(317): CodeIgniter\CodeIgniter->handleRequest(NULL, Object(Config\Cache), false)
#12 D:\Ampps\www\siakad\public\index.php(45): CodeIgniter\CodeIgniter->run()
#13 {main}
CRITICAL - 2020-12-15 07:42:28 --> Undefined variable: prodi
#0 D:\Ampps\www\siakad\app\Views\admin\mahasiswa\v_edit.php(35): CodeIgniter\Debug\Exceptions->errorHandler(8, 'Undefined varia...', 'D:\\Ampps\\www\\si...', 35, Array)
#1 D:\Ampps\www\siakad\system\View\View.php(246): include('D:\\Ampps\\www\\si...')
#2 D:\Ampps\www\siakad\system\Common.php(1119): CodeIgniter\View\View->render('admin/mahasiswa...', Array, true)
#3 D:\Ampps\www\siakad\app\Views\layout\v_content.php(3): view('admin/mahasiswa...')
#4 D:\Ampps\www\siakad\system\View\View.php(246): include('D:\\Ampps\\www\\si...')
#5 D:\Ampps\www\siakad\system\Common.php(1119): CodeIgniter\View\View->render('layout/v_conten...', Array, true)
#6 D:\Ampps\www\siakad\app\Views\layout\v_wrapper.php(5): view('layout/v_conten...')
#7 D:\Ampps\www\siakad\system\View\View.php(246): include('D:\\Ampps\\www\\si...')
#8 D:\Ampps\www\siakad\system\Common.php(1119): CodeIgniter\View\View->render('layout/v_wrappe...', Array, true)
#9 D:\Ampps\www\siakad\app\Controllers\Mahasiswa.php(108): view('layout/v_wrappe...', Array)
#10 D:\Ampps\www\siakad\system\CodeIgniter.php(923): App\Controllers\mahasiswa->edit('4')
#11 D:\Ampps\www\siakad\system\CodeIgniter.php(409): CodeIgniter\CodeIgniter->runController(Object(App\Controllers\mahasiswa))
#12 D:\Ampps\www\siakad\system\CodeIgniter.php(317): CodeIgniter\CodeIgniter->handleRequest(NULL, Object(Config\Cache), false)
#13 D:\Ampps\www\siakad\public\index.php(45): CodeIgniter\CodeIgniter->run()
#14 {main}
CRITICAL - 2020-12-15 07:54:32 --> Undefined index: jenjang
#0 D:\Ampps\www\siakad\app\Views\admin\mahasiswa\v_edit.php(34): CodeIgniter\Debug\Exceptions->errorHandler(8, 'Undefined index...', 'D:\\Ampps\\www\\si...', 34, Array)
#1 D:\Ampps\www\siakad\system\View\View.php(246): include('D:\\Ampps\\www\\si...')
#2 D:\Ampps\www\siakad\system\Common.php(1119): CodeIgniter\View\View->render('admin/mahasiswa...', Array, true)
#3 D:\Ampps\www\siakad\app\Views\layout\v_content.php(3): view('admin/mahasiswa...')
#4 D:\Ampps\www\siakad\system\View\View.php(246): include('D:\\Ampps\\www\\si...')
#5 D:\Ampps\www\siakad\system\Common.php(1119): CodeIgniter\View\View->render('layout/v_conten...', Array, true)
#6 D:\Ampps\www\siakad\app\Views\layout\v_wrapper.php(5): view('layout/v_conten...')
#7 D:\Ampps\www\siakad\system\View\View.php(246): include('D:\\Ampps\\www\\si...')
#8 D:\Ampps\www\siakad\system\Common.php(1119): CodeIgniter\View\View->render('layout/v_wrappe...', Array, true)
#9 D:\Ampps\www\siakad\app\Controllers\Mahasiswa.php(109): view('layout/v_wrappe...', Array)
#10 D:\Ampps\www\siakad\system\CodeIgniter.php(923): App\Controllers\mahasiswa->edit('4')
#11 D:\Ampps\www\siakad\system\CodeIgniter.php(409): CodeIgniter\CodeIgniter->runController(Object(App\Controllers\mahasiswa))
#12 D:\Ampps\www\siakad\system\CodeIgniter.php(317): CodeIgniter\CodeIgniter->handleRequest(NULL, Object(Config\Cache), false)
#13 D:\Ampps\www\siakad\public\index.php(45): CodeIgniter\CodeIgniter->run()
#14 {main}
CRITICAL - 2020-12-15 08:15:09 --> Undefined property: App\Controllers\mahasiswa::$Model_dosen
#0 D:\Ampps\www\siakad\app\Controllers\Mahasiswa.php(166): CodeIgniter\Debug\Exceptions->errorHandler(8, 'Undefined prope...', 'D:\\Ampps\\www\\si...', 166, Array)
#1 D:\Ampps\www\siakad\system\CodeIgniter.php(923): App\Controllers\mahasiswa->update('4')
#2 D:\Ampps\www\siakad\system\CodeIgniter.php(409): CodeIgniter\CodeIgniter->runController(Object(App\Controllers\mahasiswa))
#3 D:\Ampps\www\siakad\system\CodeIgniter.php(317): CodeIgniter\CodeIgniter->handleRequest(NULL, Object(Config\Cache), false)
#4 D:\Ampps\www\siakad\public\index.php(45): CodeIgniter\CodeIgniter->run()
#5 {main}
CRITICAL - 2020-12-15 08:19:17 --> Undefined variable: mhs
#0 D:\Ampps\www\siakad\app\Controllers\Mahasiswa.php(167): CodeIgniter\Debug\Exceptions->errorHandler(8, 'Undefined varia...', 'D:\\Ampps\\www\\si...', 167, Array)
#1 D:\Ampps\www\siakad\system\CodeIgniter.php(923): App\Controllers\mahasiswa->update('4')
#2 D:\Ampps\www\siakad\system\CodeIgniter.php(409): CodeIgniter\CodeIgniter->runController(Object(App\Controllers\mahasiswa))
#3 D:\Ampps\www\siakad\system\CodeIgniter.php(317): CodeIgniter\CodeIgniter->handleRequest(NULL, Object(Config\Cache), false)
#4 D:\Ampps\www\siakad\public\index.php(45): CodeIgniter\CodeIgniter->run()
#5 {main}
CRITICAL - 2020-12-15 08:22:47 --> Undefined index: id_dosen
#0 D:\Ampps\www\siakad\app\Views\admin\mahasiswa\v_index.php(73): CodeIgniter\Debug\Exceptions->errorHandler(8, 'Undefined index...', 'D:\\Ampps\\www\\si...', 73, Array)
#1 D:\Ampps\www\siakad\system\View\View.php(246): include('D:\\Ampps\\www\\si...')
#2 D:\Ampps\www\siakad\system\Common.php(1119): CodeIgniter\View\View->render('admin/mahasiswa...', Array, true)
#3 D:\Ampps\www\siakad\app\Views\layout\v_content.php(3): view('admin/mahasiswa...')
#4 D:\Ampps\www\siakad\system\View\View.php(246): include('D:\\Ampps\\www\\si...')
#5 D:\Ampps\www\siakad\system\Common.php(1119): CodeIgniter\View\View->render('layout/v_conten...', Array, true)
#6 D:\Ampps\www\siakad\app\Views\layout\v_wrapper.php(5): view('layout/v_conten...')
#7 D:\Ampps\www\siakad\system\View\View.php(246): include('D:\\Ampps\\www\\si...')
#8 D:\Ampps\www\siakad\system\Common.php(1119): CodeIgniter\View\View->render('layout/v_wrappe...', Array, true)
#9 D:\Ampps\www\siakad\app\Controllers\Mahasiswa.php(22): view('layout/v_wrappe...', Array)
#10 D:\Ampps\www\siakad\system\CodeIgniter.php(923): App\Controllers\mahasiswa->index()
#11 D:\Ampps\www\siakad\system\CodeIgniter.php(409): CodeIgniter\CodeIgniter->runController(Object(App\Controllers\mahasiswa))
#12 D:\Ampps\www\siakad\system\CodeIgniter.php(317): CodeIgniter\CodeIgniter->handleRequest(NULL, Object(Config\Cache), false)
#13 D:\Ampps\www\siakad\public\index.php(45): CodeIgniter\CodeIgniter->run()
#14 {main}
CRITICAL - 2020-12-15 08:27:52 --> Cannot redeclare App\Controllers\mahasiswa::delete()
#0 [internal function]: CodeIgniter\Debug\Exceptions->shutdownHandler()
#1 {main}
