CRITICAL - 2021-01-02 06:17:35 --> You must set the database table to be used with your query.
#0 D:\Ampps\www\siakad\system\Model.php(1237): CodeIgniter\Database\BaseConnection->table(NULL)
#1 D:\Ampps\www\siakad\system\Model.php(1816): CodeIgniter\Model->builder()
#2 D:\Ampps\www\siakad\app\Controllers\Dsn.php(42): CodeIgniter\Model->__call('jadwal_dosen', Array)
#3 D:\Ampps\www\siakad\system\CodeIgniter.php(923): App\Controllers\Dsn->absen_kelas()
#4 D:\Ampps\www\siakad\system\CodeIgniter.php(409): CodeIgniter\CodeIgniter->runController(Object(App\Controllers\Dsn))
#5 D:\Ampps\www\siakad\system\CodeIgniter.php(317): CodeIgniter\CodeIgniter->handleRequest(NULL, Object(Config\Cache), false)
#6 D:\Ampps\www\siakad\public\index.php(45): CodeIgniter\CodeIgniter->run()
#7 {main}
CRITICAL - 2021-01-02 06:17:43 --> You must set the database table to be used with your query.
#0 D:\Ampps\www\siakad\system\Model.php(1237): CodeIgniter\Database\BaseConnection->table(NULL)
#1 D:\Ampps\www\siakad\system\Model.php(1816): CodeIgniter\Model->builder()
#2 D:\Ampps\www\siakad\app\Controllers\Dsn.php(31): CodeIgniter\Model->__call('jadwal_dosen', Array)
#3 D:\Ampps\www\siakad\system\CodeIgniter.php(923): App\Controllers\Dsn->jadwal()
#4 D:\Ampps\www\siakad\system\CodeIgniter.php(409): CodeIgniter\CodeIgniter->runController(Object(App\Controllers\Dsn))
#5 D:\Ampps\www\siakad\system\CodeIgniter.php(317): CodeIgniter\CodeIgniter->handleRequest(NULL, Object(Config\Cache), false)
#6 D:\Ampps\www\siakad\public\index.php(45): CodeIgniter\CodeIgniter->run()
#7 {main}
CRITICAL - 2021-01-02 06:17:45 --> Undefined property: App\Controllers\Dsn::$Model_ta
#0 D:\Ampps\www\siakad\app\Controllers\Dsn.php(18): CodeIgniter\Debug\Exceptions->errorHandler(8, 'Undefined prope...', 'D:\\Ampps\\www\\si...', 18, Array)
#1 D:\Ampps\www\siakad\system\CodeIgniter.php(923): App\Controllers\Dsn->index()
#2 D:\Ampps\www\siakad\system\CodeIgniter.php(409): CodeIgniter\CodeIgniter->runController(Object(App\Controllers\Dsn))
#3 D:\Ampps\www\siakad\system\CodeIgniter.php(317): CodeIgniter\CodeIgniter->handleRequest(NULL, Object(Config\Cache), false)
#4 D:\Ampps\www\siakad\public\index.php(45): CodeIgniter\CodeIgniter->run()
#5 {main}
CRITICAL - 2021-01-02 06:17:48 --> Undefined property: App\Controllers\Dsn::$Model_ta
#0 D:\Ampps\www\siakad\app\Controllers\Dsn.php(18): CodeIgniter\Debug\Exceptions->errorHandler(8, 'Undefined prope...', 'D:\\Ampps\\www\\si...', 18, Array)
#1 D:\Ampps\www\siakad\system\CodeIgniter.php(923): App\Controllers\Dsn->index()
#2 D:\Ampps\www\siakad\system\CodeIgniter.php(409): CodeIgniter\CodeIgniter->runController(Object(App\Controllers\Dsn))
#3 D:\Ampps\www\siakad\system\CodeIgniter.php(317): CodeIgniter\CodeIgniter->handleRequest(NULL, Object(Config\Cache), false)
#4 D:\Ampps\www\siakad\public\index.php(45): CodeIgniter\CodeIgniter->run()
#5 {main}
CRITICAL - 2021-01-02 06:17:54 --> Undefined property: App\Controllers\Dsn::$Model_ta
#0 D:\Ampps\www\siakad\app\Controllers\Dsn.php(18): CodeIgniter\Debug\Exceptions->errorHandler(8, 'Undefined prope...', 'D:\\Ampps\\www\\si...', 18, Array)
#1 D:\Ampps\www\siakad\system\CodeIgniter.php(923): App\Controllers\Dsn->index()
#2 D:\Ampps\www\siakad\system\CodeIgniter.php(409): CodeIgniter\CodeIgniter->runController(Object(App\Controllers\Dsn))
#3 D:\Ampps\www\siakad\system\CodeIgniter.php(317): CodeIgniter\CodeIgniter->handleRequest(NULL, Object(Config\Cache), false)
#4 D:\Ampps\www\siakad\public\index.php(45): CodeIgniter\CodeIgniter->run()
#5 {main}
CRITICAL - 2021-01-02 06:17:55 --> Undefined property: App\Controllers\Dsn::$Model_ta
#0 D:\Ampps\www\siakad\app\Controllers\Dsn.php(18): CodeIgniter\Debug\Exceptions->errorHandler(8, 'Undefined prope...', 'D:\\Ampps\\www\\si...', 18, Array)
#1 D:\Ampps\www\siakad\system\CodeIgniter.php(923): App\Controllers\Dsn->index()
#2 D:\Ampps\www\siakad\system\CodeIgniter.php(409): CodeIgniter\CodeIgniter->runController(Object(App\Controllers\Dsn))
#3 D:\Ampps\www\siakad\system\CodeIgniter.php(317): CodeIgniter\CodeIgniter->handleRequest(NULL, Object(Config\Cache), false)
#4 D:\Ampps\www\siakad\public\index.php(45): CodeIgniter\CodeIgniter->run()
#5 {main}
CRITICAL - 2021-01-02 06:19:02 --> You must set the database table to be used with your query.
#0 D:\Ampps\www\siakad\system\Model.php(1237): CodeIgniter\Database\BaseConnection->table(NULL)
#1 D:\Ampps\www\siakad\system\Model.php(1816): CodeIgniter\Model->builder()
#2 D:\Ampps\www\siakad\app\Controllers\Dsn.php(31): CodeIgniter\Model->__call('jadwal_dosen', Array)
#3 D:\Ampps\www\siakad\system\CodeIgniter.php(923): App\Controllers\Dsn->jadwal()
#4 D:\Ampps\www\siakad\system\CodeIgniter.php(409): CodeIgniter\CodeIgniter->runController(Object(App\Controllers\Dsn))
#5 D:\Ampps\www\siakad\system\CodeIgniter.php(317): CodeIgniter\CodeIgniter->handleRequest(NULL, Object(Config\Cache), false)
#6 D:\Ampps\www\siakad\public\index.php(45): CodeIgniter\CodeIgniter->run()
#7 {main}
CRITICAL - 2021-01-02 06:20:01 --> Undefined index: nama_kelas
#0 D:\Ampps\www\siakad\app\Views\dosen\v_jadwal.php(3): CodeIgniter\Debug\Exceptions->errorHandler(8, 'Undefined index...', 'D:\\Ampps\\www\\si...', 3, Array)
#1 D:\Ampps\www\siakad\system\View\View.php(246): include('D:\\Ampps\\www\\si...')
#2 D:\Ampps\www\siakad\system\Common.php(1119): CodeIgniter\View\View->render('dosen/v_jadwal', Array, true)
#3 D:\Ampps\www\siakad\app\Views\layout\v_content.php(3): view('dosen/v_jadwal')
#4 D:\Ampps\www\siakad\system\View\View.php(246): include('D:\\Ampps\\www\\si...')
#5 D:\Ampps\www\siakad\system\Common.php(1119): CodeIgniter\View\View->render('layout/v_conten...', Array, true)
#6 D:\Ampps\www\siakad\app\Views\layout\v_wrapper.php(5): view('layout/v_conten...')
#7 D:\Ampps\www\siakad\system\View\View.php(246): include('D:\\Ampps\\www\\si...')
#8 D:\Ampps\www\siakad\system\Common.php(1119): CodeIgniter\View\View->render('layout/v_wrappe...', Array, true)
#9 D:\Ampps\www\siakad\app\Controllers\Dsn.php(34): view('layout/v_wrappe...', Array)
#10 D:\Ampps\www\siakad\system\CodeIgniter.php(923): App\Controllers\Dsn->jadwal()
#11 D:\Ampps\www\siakad\system\CodeIgniter.php(409): CodeIgniter\CodeIgniter->runController(Object(App\Controllers\Dsn))
#12 D:\Ampps\www\siakad\system\CodeIgniter.php(317): CodeIgniter\CodeIgniter->handleRequest(NULL, Object(Config\Cache), false)
#13 D:\Ampps\www\siakad\public\index.php(45): CodeIgniter\CodeIgniter->run()
#14 {main}
CRITICAL - 2021-01-02 06:21:11 --> Undefined variable: ta
#0 D:\Ampps\www\siakad\app\Views\dosen\v_jadwal.php(3): CodeIgniter\Debug\Exceptions->errorHandler(8, 'Undefined varia...', 'D:\\Ampps\\www\\si...', 3, Array)
#1 D:\Ampps\www\siakad\system\View\View.php(246): include('D:\\Ampps\\www\\si...')
#2 D:\Ampps\www\siakad\system\Common.php(1119): CodeIgniter\View\View->render('dosen/v_jadwal', Array, true)
#3 D:\Ampps\www\siakad\app\Views\layout\v_content.php(3): view('dosen/v_jadwal')
#4 D:\Ampps\www\siakad\system\View\View.php(246): include('D:\\Ampps\\www\\si...')
#5 D:\Ampps\www\siakad\system\Common.php(1119): CodeIgniter\View\View->render('layout/v_conten...', Array, true)
#6 D:\Ampps\www\siakad\app\Views\layout\v_wrapper.php(5): view('layout/v_conten...')
#7 D:\Ampps\www\siakad\system\View\View.php(246): include('D:\\Ampps\\www\\si...')
#8 D:\Ampps\www\siakad\system\Common.php(1119): CodeIgniter\View\View->render('layout/v_wrappe...', Array, true)
#9 D:\Ampps\www\siakad\app\Controllers\Dsn.php(34): view('layout/v_wrappe...', Array)
#10 D:\Ampps\www\siakad\system\CodeIgniter.php(923): App\Controllers\Dsn->jadwal()
#11 D:\Ampps\www\siakad\system\CodeIgniter.php(409): CodeIgniter\CodeIgniter->runController(Object(App\Controllers\Dsn))
#12 D:\Ampps\www\siakad\system\CodeIgniter.php(317): CodeIgniter\CodeIgniter->handleRequest(NULL, Object(Config\Cache), false)
#13 D:\Ampps\www\siakad\public\index.php(45): CodeIgniter\CodeIgniter->run()
#14 {main}
CRITICAL - 2021-01-02 06:21:55 --> Undefined variable: ta
#0 D:\Ampps\www\siakad\app\Views\dosen\v_jadwal.php(3): CodeIgniter\Debug\Exceptions->errorHandler(8, 'Undefined varia...', 'D:\\Ampps\\www\\si...', 3, Array)
#1 D:\Ampps\www\siakad\system\View\View.php(246): include('D:\\Ampps\\www\\si...')
#2 D:\Ampps\www\siakad\system\Common.php(1119): CodeIgniter\View\View->render('dosen/v_jadwal', Array, true)
#3 D:\Ampps\www\siakad\app\Views\layout\v_content.php(3): view('dosen/v_jadwal')
#4 D:\Ampps\www\siakad\system\View\View.php(246): include('D:\\Ampps\\www\\si...')
#5 D:\Ampps\www\siakad\system\Common.php(1119): CodeIgniter\View\View->render('layout/v_conten...', Array, true)
#6 D:\Ampps\www\siakad\app\Views\layout\v_wrapper.php(5): view('layout/v_conten...')
#7 D:\Ampps\www\siakad\system\View\View.php(246): include('D:\\Ampps\\www\\si...')
#8 D:\Ampps\www\siakad\system\Common.php(1119): CodeIgniter\View\View->render('layout/v_wrappe...', Array, true)
#9 D:\Ampps\www\siakad\app\Controllers\Dsn.php(35): view('layout/v_wrappe...', Array)
#10 D:\Ampps\www\siakad\system\CodeIgniter.php(923): App\Controllers\Dsn->jadwal()
#11 D:\Ampps\www\siakad\system\CodeIgniter.php(409): CodeIgniter\CodeIgniter->runController(Object(App\Controllers\Dsn))
#12 D:\Ampps\www\siakad\system\CodeIgniter.php(317): CodeIgniter\CodeIgniter->handleRequest(NULL, Object(Config\Cache), false)
#13 D:\Ampps\www\siakad\public\index.php(45): CodeIgniter\CodeIgniter->run()
#14 {main}
CRITICAL - 2021-01-02 06:22:20 --> Undefined variable: ta
#0 D:\Ampps\www\siakad\app\Views\dosen\v_jadwal.php(3): CodeIgniter\Debug\Exceptions->errorHandler(8, 'Undefined varia...', 'D:\\Ampps\\www\\si...', 3, Array)
#1 D:\Ampps\www\siakad\system\View\View.php(246): include('D:\\Ampps\\www\\si...')
#2 D:\Ampps\www\siakad\system\Common.php(1119): CodeIgniter\View\View->render('dosen/v_jadwal', Array, true)
#3 D:\Ampps\www\siakad\app\Views\layout\v_content.php(3): view('dosen/v_jadwal')
#4 D:\Ampps\www\siakad\system\View\View.php(246): include('D:\\Ampps\\www\\si...')
#5 D:\Ampps\www\siakad\system\Common.php(1119): CodeIgniter\View\View->render('layout/v_conten...', Array, true)
#6 D:\Ampps\www\siakad\app\Views\layout\v_wrapper.php(5): view('layout/v_conten...')
#7 D:\Ampps\www\siakad\system\View\View.php(246): include('D:\\Ampps\\www\\si...')
#8 D:\Ampps\www\siakad\system\Common.php(1119): CodeIgniter\View\View->render('layout/v_wrappe...', Array, true)
#9 D:\Ampps\www\siakad\app\Controllers\Dsn.php(35): view('layout/v_wrappe...', Array)
#10 D:\Ampps\www\siakad\system\CodeIgniter.php(923): App\Controllers\Dsn->jadwal()
#11 D:\Ampps\www\siakad\system\CodeIgniter.php(409): CodeIgniter\CodeIgniter->runController(Object(App\Controllers\Dsn))
#12 D:\Ampps\www\siakad\system\CodeIgniter.php(317): CodeIgniter\CodeIgniter->handleRequest(NULL, Object(Config\Cache), false)
#13 D:\Ampps\www\siakad\public\index.php(45): CodeIgniter\CodeIgniter->run()
#14 {main}
CRITICAL - 2021-01-02 06:29:33 --> Too few arguments to function App\Models\Model_dsn::jadwal_dosen(), 0 passed in D:\Ampps\www\siakad\app\Controllers\Dsn.php on line 44 and exactly 1 expected
#0 D:\Ampps\www\siakad\app\Controllers\Dsn.php(44): App\Models\Model_dsn->jadwal_dosen()
#1 D:\Ampps\www\siakad\system\CodeIgniter.php(923): App\Controllers\Dsn->absen_kelas()
#2 D:\Ampps\www\siakad\system\CodeIgniter.php(409): CodeIgniter\CodeIgniter->runController(Object(App\Controllers\Dsn))
#3 D:\Ampps\www\siakad\system\CodeIgniter.php(317): CodeIgniter\CodeIgniter->handleRequest(NULL, Object(Config\Cache), false)
#4 D:\Ampps\www\siakad\public\index.php(45): CodeIgniter\CodeIgniter->run()
#5 {main}
CRITICAL - 2021-01-02 06:31:42 --> Undefined variable: ta
#0 D:\Ampps\www\siakad\app\Views\dosen\absen\v_absenkelas.php(3): CodeIgniter\Debug\Exceptions->errorHandler(8, 'Undefined varia...', 'D:\\Ampps\\www\\si...', 3, Array)
#1 D:\Ampps\www\siakad\system\View\View.php(246): include('D:\\Ampps\\www\\si...')
#2 D:\Ampps\www\siakad\system\Common.php(1119): CodeIgniter\View\View->render('dosen/absen/v_a...', Array, true)
#3 D:\Ampps\www\siakad\app\Views\layout\v_content.php(3): view('dosen/absen/v_a...')
#4 D:\Ampps\www\siakad\system\View\View.php(246): include('D:\\Ampps\\www\\si...')
#5 D:\Ampps\www\siakad\system\Common.php(1119): CodeIgniter\View\View->render('layout/v_conten...', Array, true)
#6 D:\Ampps\www\siakad\app\Views\layout\v_wrapper.php(5): view('layout/v_conten...')
#7 D:\Ampps\www\siakad\system\View\View.php(246): include('D:\\Ampps\\www\\si...')
#8 D:\Ampps\www\siakad\system\Common.php(1119): CodeIgniter\View\View->render('layout/v_wrappe...', Array, true)
#9 D:\Ampps\www\siakad\app\Controllers\Dsn.php(47): view('layout/v_wrappe...', Array)
#10 D:\Ampps\www\siakad\system\CodeIgniter.php(923): App\Controllers\Dsn->absen_kelas()
#11 D:\Ampps\www\siakad\system\CodeIgniter.php(409): CodeIgniter\CodeIgniter->runController(Object(App\Controllers\Dsn))
#12 D:\Ampps\www\siakad\system\CodeIgniter.php(317): CodeIgniter\CodeIgniter->handleRequest(NULL, Object(Config\Cache), false)
#13 D:\Ampps\www\siakad\public\index.php(45): CodeIgniter\CodeIgniter->run()
#14 {main}
CRITICAL - 2021-01-02 06:35:49 --> Undefined variable: ta
#0 D:\Ampps\www\siakad\app\Views\dosen\absen\v_print_absen.php(6): CodeIgniter\Debug\Exceptions->errorHandler(8, 'Undefined varia...', 'D:\\Ampps\\www\\si...', 6, Array)
#1 D:\Ampps\www\siakad\system\View\View.php(246): include('D:\\Ampps\\www\\si...')
#2 D:\Ampps\www\siakad\system\Common.php(1119): CodeIgniter\View\View->render('dosen/absen/v_p...', Array, true)
#3 D:\Ampps\www\siakad\app\Controllers\Dsn.php(101): view('dosen/absen/v_p...', Array)
#4 D:\Ampps\www\siakad\system\CodeIgniter.php(923): App\Controllers\Dsn->print_absensi('21')
#5 D:\Ampps\www\siakad\system\CodeIgniter.php(409): CodeIgniter\CodeIgniter->runController(Object(App\Controllers\Dsn))
#6 D:\Ampps\www\siakad\system\CodeIgniter.php(317): CodeIgniter\CodeIgniter->handleRequest(NULL, Object(Config\Cache), false)
#7 D:\Ampps\www\siakad\public\index.php(45): CodeIgniter\CodeIgniter->run()
#8 {main}
CRITICAL - 2021-01-02 06:41:05 --> Too few arguments to function App\Models\Model_dsn::jadwal_dosen(), 0 passed in D:\Ampps\www\siakad\app\Controllers\Dsn.php on line 21 and exactly 1 expected
#0 D:\Ampps\www\siakad\app\Controllers\Dsn.php(21): App\Models\Model_dsn->jadwal_dosen()
#1 D:\Ampps\www\siakad\system\CodeIgniter.php(923): App\Controllers\Dsn->index()
#2 D:\Ampps\www\siakad\system\CodeIgniter.php(409): CodeIgniter\CodeIgniter->runController(Object(App\Controllers\Dsn))
#3 D:\Ampps\www\siakad\system\CodeIgniter.php(317): CodeIgniter\CodeIgniter->handleRequest(NULL, Object(Config\Cache), false)
#4 D:\Ampps\www\siakad\public\index.php(45): CodeIgniter\CodeIgniter->run()
#5 {main}
CRITICAL - 2021-01-02 10:53:25 --> Too few arguments to function App\Models\Model_dsn::jadwal_dosen(), 0 passed in D:\Ampps\www\siakad\app\Controllers\Dsn.php on line 21 and exactly 1 expected
#0 D:\Ampps\www\siakad\app\Controllers\Dsn.php(21): App\Models\Model_dsn->jadwal_dosen()
#1 D:\Ampps\www\siakad\system\CodeIgniter.php(923): App\Controllers\Dsn->index()
#2 D:\Ampps\www\siakad\system\CodeIgniter.php(409): CodeIgniter\CodeIgniter->runController(Object(App\Controllers\Dsn))
#3 D:\Ampps\www\siakad\system\CodeIgniter.php(317): CodeIgniter\CodeIgniter->handleRequest(NULL, Object(Config\Cache), false)
#4 D:\Ampps\www\siakad\public\index.php(45): CodeIgniter\CodeIgniter->run()
#5 {main}
CRITICAL - 2021-01-02 10:53:33 --> Too few arguments to function App\Models\Model_dsn::jadwal_dosen(), 0 passed in D:\Ampps\www\siakad\app\Controllers\Dsn.php on line 21 and exactly 1 expected
#0 D:\Ampps\www\siakad\app\Controllers\Dsn.php(21): App\Models\Model_dsn->jadwal_dosen()
#1 D:\Ampps\www\siakad\system\CodeIgniter.php(923): App\Controllers\Dsn->index()
#2 D:\Ampps\www\siakad\system\CodeIgniter.php(409): CodeIgniter\CodeIgniter->runController(Object(App\Controllers\Dsn))
#3 D:\Ampps\www\siakad\system\CodeIgniter.php(317): CodeIgniter\CodeIgniter->handleRequest(NULL, Object(Config\Cache), false)
#4 D:\Ampps\www\siakad\public\index.php(45): CodeIgniter\CodeIgniter->run()
#5 {main}
CRITICAL - 2021-01-02 10:54:15 --> Too few arguments to function App\Models\Model_dsn::jadwal_dosen(), 0 passed in D:\Ampps\www\siakad\app\Controllers\Dsn.php on line 21 and exactly 1 expected
#0 D:\Ampps\www\siakad\app\Controllers\Dsn.php(21): App\Models\Model_dsn->jadwal_dosen()
#1 D:\Ampps\www\siakad\system\CodeIgniter.php(923): App\Controllers\Dsn->index()
#2 D:\Ampps\www\siakad\system\CodeIgniter.php(409): CodeIgniter\CodeIgniter->runController(Object(App\Controllers\Dsn))
#3 D:\Ampps\www\siakad\system\CodeIgniter.php(317): CodeIgniter\CodeIgniter->handleRequest(NULL, Object(Config\Cache), false)
#4 D:\Ampps\www\siakad\public\index.php(45): CodeIgniter\CodeIgniter->run()
#5 {main}
CRITICAL - 2021-01-02 10:54:16 --> Too few arguments to function App\Models\Model_dsn::jadwal_dosen(), 0 passed in D:\Ampps\www\siakad\app\Controllers\Dsn.php on line 21 and exactly 1 expected
#0 D:\Ampps\www\siakad\app\Controllers\Dsn.php(21): App\Models\Model_dsn->jadwal_dosen()
#1 D:\Ampps\www\siakad\system\CodeIgniter.php(923): App\Controllers\Dsn->index()
#2 D:\Ampps\www\siakad\system\CodeIgniter.php(409): CodeIgniter\CodeIgniter->runController(Object(App\Controllers\Dsn))
#3 D:\Ampps\www\siakad\system\CodeIgniter.php(317): CodeIgniter\CodeIgniter->handleRequest(NULL, Object(Config\Cache), false)
#4 D:\Ampps\www\siakad\public\index.php(45): CodeIgniter\CodeIgniter->run()
#5 {main}
CRITICAL - 2021-01-02 10:54:17 --> Too few arguments to function App\Models\Model_dsn::jadwal_dosen(), 0 passed in D:\Ampps\www\siakad\app\Controllers\Dsn.php on line 21 and exactly 1 expected
#0 D:\Ampps\www\siakad\app\Controllers\Dsn.php(21): App\Models\Model_dsn->jadwal_dosen()
#1 D:\Ampps\www\siakad\system\CodeIgniter.php(923): App\Controllers\Dsn->index()
#2 D:\Ampps\www\siakad\system\CodeIgniter.php(409): CodeIgniter\CodeIgniter->runController(Object(App\Controllers\Dsn))
#3 D:\Ampps\www\siakad\system\CodeIgniter.php(317): CodeIgniter\CodeIgniter->handleRequest(NULL, Object(Config\Cache), false)
#4 D:\Ampps\www\siakad\public\index.php(45): CodeIgniter\CodeIgniter->run()
#5 {main}
CRITICAL - 2021-01-02 10:54:33 --> Too few arguments to function App\Models\Model_dsn::jadwal_dosen(), 0 passed in D:\Ampps\www\siakad\app\Controllers\Dsn.php on line 21 and exactly 1 expected
#0 D:\Ampps\www\siakad\app\Controllers\Dsn.php(21): App\Models\Model_dsn->jadwal_dosen()
#1 D:\Ampps\www\siakad\system\CodeIgniter.php(923): App\Controllers\Dsn->index()
#2 D:\Ampps\www\siakad\system\CodeIgniter.php(409): CodeIgniter\CodeIgniter->runController(Object(App\Controllers\Dsn))
#3 D:\Ampps\www\siakad\system\CodeIgniter.php(317): CodeIgniter\CodeIgniter->handleRequest(NULL, Object(Config\Cache), false)
#4 D:\Ampps\www\siakad\public\index.php(45): CodeIgniter\CodeIgniter->run()
#5 {main}
CRITICAL - 2021-01-02 10:54:34 --> Too few arguments to function App\Models\Model_dsn::jadwal_dosen(), 0 passed in D:\Ampps\www\siakad\app\Controllers\Dsn.php on line 21 and exactly 1 expected
#0 D:\Ampps\www\siakad\app\Controllers\Dsn.php(21): App\Models\Model_dsn->jadwal_dosen()
#1 D:\Ampps\www\siakad\system\CodeIgniter.php(923): App\Controllers\Dsn->index()
#2 D:\Ampps\www\siakad\system\CodeIgniter.php(409): CodeIgniter\CodeIgniter->runController(Object(App\Controllers\Dsn))
#3 D:\Ampps\www\siakad\system\CodeIgniter.php(317): CodeIgniter\CodeIgniter->handleRequest(NULL, Object(Config\Cache), false)
#4 D:\Ampps\www\siakad\public\index.php(45): CodeIgniter\CodeIgniter->run()
#5 {main}
CRITICAL - 2021-01-02 10:54:34 --> Too few arguments to function App\Models\Model_dsn::jadwal_dosen(), 0 passed in D:\Ampps\www\siakad\app\Controllers\Dsn.php on line 21 and exactly 1 expected
#0 D:\Ampps\www\siakad\app\Controllers\Dsn.php(21): App\Models\Model_dsn->jadwal_dosen()
#1 D:\Ampps\www\siakad\system\CodeIgniter.php(923): App\Controllers\Dsn->index()
#2 D:\Ampps\www\siakad\system\CodeIgniter.php(409): CodeIgniter\CodeIgniter->runController(Object(App\Controllers\Dsn))
#3 D:\Ampps\www\siakad\system\CodeIgniter.php(317): CodeIgniter\CodeIgniter->handleRequest(NULL, Object(Config\Cache), false)
#4 D:\Ampps\www\siakad\public\index.php(45): CodeIgniter\CodeIgniter->run()
#5 {main}
CRITICAL - 2021-01-02 10:54:34 --> Too few arguments to function App\Models\Model_dsn::jadwal_dosen(), 0 passed in D:\Ampps\www\siakad\app\Controllers\Dsn.php on line 21 and exactly 1 expected
#0 D:\Ampps\www\siakad\app\Controllers\Dsn.php(21): App\Models\Model_dsn->jadwal_dosen()
#1 D:\Ampps\www\siakad\system\CodeIgniter.php(923): App\Controllers\Dsn->index()
#2 D:\Ampps\www\siakad\system\CodeIgniter.php(409): CodeIgniter\CodeIgniter->runController(Object(App\Controllers\Dsn))
#3 D:\Ampps\www\siakad\system\CodeIgniter.php(317): CodeIgniter\CodeIgniter->handleRequest(NULL, Object(Config\Cache), false)
#4 D:\Ampps\www\siakad\public\index.php(45): CodeIgniter\CodeIgniter->run()
#5 {main}
CRITICAL - 2021-01-02 10:54:35 --> Too few arguments to function App\Models\Model_dsn::jadwal_dosen(), 0 passed in D:\Ampps\www\siakad\app\Controllers\Dsn.php on line 21 and exactly 1 expected
#0 D:\Ampps\www\siakad\app\Controllers\Dsn.php(21): App\Models\Model_dsn->jadwal_dosen()
#1 D:\Ampps\www\siakad\system\CodeIgniter.php(923): App\Controllers\Dsn->index()
#2 D:\Ampps\www\siakad\system\CodeIgniter.php(409): CodeIgniter\CodeIgniter->runController(Object(App\Controllers\Dsn))
#3 D:\Ampps\www\siakad\system\CodeIgniter.php(317): CodeIgniter\CodeIgniter->handleRequest(NULL, Object(Config\Cache), false)
#4 D:\Ampps\www\siakad\public\index.php(45): CodeIgniter\CodeIgniter->run()
#5 {main}
CRITICAL - 2021-01-02 10:54:35 --> Too few arguments to function App\Models\Model_dsn::jadwal_dosen(), 0 passed in D:\Ampps\www\siakad\app\Controllers\Dsn.php on line 21 and exactly 1 expected
#0 D:\Ampps\www\siakad\app\Controllers\Dsn.php(21): App\Models\Model_dsn->jadwal_dosen()
#1 D:\Ampps\www\siakad\system\CodeIgniter.php(923): App\Controllers\Dsn->index()
#2 D:\Ampps\www\siakad\system\CodeIgniter.php(409): CodeIgniter\CodeIgniter->runController(Object(App\Controllers\Dsn))
#3 D:\Ampps\www\siakad\system\CodeIgniter.php(317): CodeIgniter\CodeIgniter->handleRequest(NULL, Object(Config\Cache), false)
#4 D:\Ampps\www\siakad\public\index.php(45): CodeIgniter\CodeIgniter->run()
#5 {main}
CRITICAL - 2021-01-02 10:54:35 --> Too few arguments to function App\Models\Model_dsn::jadwal_dosen(), 0 passed in D:\Ampps\www\siakad\app\Controllers\Dsn.php on line 21 and exactly 1 expected
#0 D:\Ampps\www\siakad\app\Controllers\Dsn.php(21): App\Models\Model_dsn->jadwal_dosen()
#1 D:\Ampps\www\siakad\system\CodeIgniter.php(923): App\Controllers\Dsn->index()
#2 D:\Ampps\www\siakad\system\CodeIgniter.php(409): CodeIgniter\CodeIgniter->runController(Object(App\Controllers\Dsn))
#3 D:\Ampps\www\siakad\system\CodeIgniter.php(317): CodeIgniter\CodeIgniter->handleRequest(NULL, Object(Config\Cache), false)
#4 D:\Ampps\www\siakad\public\index.php(45): CodeIgniter\CodeIgniter->run()
#5 {main}
CRITICAL - 2021-01-02 10:54:36 --> Too few arguments to function App\Models\Model_dsn::jadwal_dosen(), 0 passed in D:\Ampps\www\siakad\app\Controllers\Dsn.php on line 21 and exactly 1 expected
#0 D:\Ampps\www\siakad\app\Controllers\Dsn.php(21): App\Models\Model_dsn->jadwal_dosen()
#1 D:\Ampps\www\siakad\system\CodeIgniter.php(923): App\Controllers\Dsn->index()
#2 D:\Ampps\www\siakad\system\CodeIgniter.php(409): CodeIgniter\CodeIgniter->runController(Object(App\Controllers\Dsn))
#3 D:\Ampps\www\siakad\system\CodeIgniter.php(317): CodeIgniter\CodeIgniter->handleRequest(NULL, Object(Config\Cache), false)
#4 D:\Ampps\www\siakad\public\index.php(45): CodeIgniter\CodeIgniter->run()
#5 {main}
CRITICAL - 2021-01-02 10:54:36 --> Too few arguments to function App\Models\Model_dsn::jadwal_dosen(), 0 passed in D:\Ampps\www\siakad\app\Controllers\Dsn.php on line 21 and exactly 1 expected
#0 D:\Ampps\www\siakad\app\Controllers\Dsn.php(21): App\Models\Model_dsn->jadwal_dosen()
#1 D:\Ampps\www\siakad\system\CodeIgniter.php(923): App\Controllers\Dsn->index()
#2 D:\Ampps\www\siakad\system\CodeIgniter.php(409): CodeIgniter\CodeIgniter->runController(Object(App\Controllers\Dsn))
#3 D:\Ampps\www\siakad\system\CodeIgniter.php(317): CodeIgniter\CodeIgniter->handleRequest(NULL, Object(Config\Cache), false)
#4 D:\Ampps\www\siakad\public\index.php(45): CodeIgniter\CodeIgniter->run()
#5 {main}
CRITICAL - 2021-01-02 10:54:36 --> Too few arguments to function App\Models\Model_dsn::jadwal_dosen(), 0 passed in D:\Ampps\www\siakad\app\Controllers\Dsn.php on line 21 and exactly 1 expected
#0 D:\Ampps\www\siakad\app\Controllers\Dsn.php(21): App\Models\Model_dsn->jadwal_dosen()
#1 D:\Ampps\www\siakad\system\CodeIgniter.php(923): App\Controllers\Dsn->index()
#2 D:\Ampps\www\siakad\system\CodeIgniter.php(409): CodeIgniter\CodeIgniter->runController(Object(App\Controllers\Dsn))
#3 D:\Ampps\www\siakad\system\CodeIgniter.php(317): CodeIgniter\CodeIgniter->handleRequest(NULL, Object(Config\Cache), false)
#4 D:\Ampps\www\siakad\public\index.php(45): CodeIgniter\CodeIgniter->run()
#5 {main}
CRITICAL - 2021-01-02 10:54:37 --> Too few arguments to function App\Models\Model_dsn::jadwal_dosen(), 0 passed in D:\Ampps\www\siakad\app\Controllers\Dsn.php on line 21 and exactly 1 expected
#0 D:\Ampps\www\siakad\app\Controllers\Dsn.php(21): App\Models\Model_dsn->jadwal_dosen()
#1 D:\Ampps\www\siakad\system\CodeIgniter.php(923): App\Controllers\Dsn->index()
#2 D:\Ampps\www\siakad\system\CodeIgniter.php(409): CodeIgniter\CodeIgniter->runController(Object(App\Controllers\Dsn))
#3 D:\Ampps\www\siakad\system\CodeIgniter.php(317): CodeIgniter\CodeIgniter->handleRequest(NULL, Object(Config\Cache), false)
#4 D:\Ampps\www\siakad\public\index.php(45): CodeIgniter\CodeIgniter->run()
#5 {main}
CRITICAL - 2021-01-02 10:54:40 --> Too few arguments to function App\Models\Model_dsn::jadwal_dosen(), 0 passed in D:\Ampps\www\siakad\app\Controllers\Dsn.php on line 21 and exactly 1 expected
#0 D:\Ampps\www\siakad\app\Controllers\Dsn.php(21): App\Models\Model_dsn->jadwal_dosen()
#1 D:\Ampps\www\siakad\system\CodeIgniter.php(923): App\Controllers\Dsn->index()
#2 D:\Ampps\www\siakad\system\CodeIgniter.php(409): CodeIgniter\CodeIgniter->runController(Object(App\Controllers\Dsn))
#3 D:\Ampps\www\siakad\system\CodeIgniter.php(317): CodeIgniter\CodeIgniter->handleRequest(NULL, Object(Config\Cache), false)
#4 D:\Ampps\www\siakad\public\index.php(45): CodeIgniter\CodeIgniter->run()
#5 {main}
CRITICAL - 2021-01-02 10:54:40 --> Too few arguments to function App\Models\Model_dsn::jadwal_dosen(), 0 passed in D:\Ampps\www\siakad\app\Controllers\Dsn.php on line 21 and exactly 1 expected
#0 D:\Ampps\www\siakad\app\Controllers\Dsn.php(21): App\Models\Model_dsn->jadwal_dosen()
#1 D:\Ampps\www\siakad\system\CodeIgniter.php(923): App\Controllers\Dsn->index()
#2 D:\Ampps\www\siakad\system\CodeIgniter.php(409): CodeIgniter\CodeIgniter->runController(Object(App\Controllers\Dsn))
#3 D:\Ampps\www\siakad\system\CodeIgniter.php(317): CodeIgniter\CodeIgniter->handleRequest(NULL, Object(Config\Cache), false)
#4 D:\Ampps\www\siakad\public\index.php(45): CodeIgniter\CodeIgniter->run()
#5 {main}
CRITICAL - 2021-01-02 10:54:40 --> Too few arguments to function App\Models\Model_dsn::jadwal_dosen(), 0 passed in D:\Ampps\www\siakad\app\Controllers\Dsn.php on line 21 and exactly 1 expected
#0 D:\Ampps\www\siakad\app\Controllers\Dsn.php(21): App\Models\Model_dsn->jadwal_dosen()
#1 D:\Ampps\www\siakad\system\CodeIgniter.php(923): App\Controllers\Dsn->index()
#2 D:\Ampps\www\siakad\system\CodeIgniter.php(409): CodeIgniter\CodeIgniter->runController(Object(App\Controllers\Dsn))
#3 D:\Ampps\www\siakad\system\CodeIgniter.php(317): CodeIgniter\CodeIgniter->handleRequest(NULL, Object(Config\Cache), false)
#4 D:\Ampps\www\siakad\public\index.php(45): CodeIgniter\CodeIgniter->run()
#5 {main}
CRITICAL - 2021-01-02 10:54:41 --> Too few arguments to function App\Models\Model_dsn::jadwal_dosen(), 0 passed in D:\Ampps\www\siakad\app\Controllers\Dsn.php on line 21 and exactly 1 expected
#0 D:\Ampps\www\siakad\app\Controllers\Dsn.php(21): App\Models\Model_dsn->jadwal_dosen()
#1 D:\Ampps\www\siakad\system\CodeIgniter.php(923): App\Controllers\Dsn->index()
#2 D:\Ampps\www\siakad\system\CodeIgniter.php(409): CodeIgniter\CodeIgniter->runController(Object(App\Controllers\Dsn))
#3 D:\Ampps\www\siakad\system\CodeIgniter.php(317): CodeIgniter\CodeIgniter->handleRequest(NULL, Object(Config\Cache), false)
#4 D:\Ampps\www\siakad\public\index.php(45): CodeIgniter\CodeIgniter->run()
#5 {main}
CRITICAL - 2021-01-02 10:54:56 --> Too few arguments to function App\Models\Model_dsn::jadwal_dosen(), 0 passed in D:\Ampps\www\siakad\app\Controllers\Dsn.php on line 21 and exactly 1 expected
#0 D:\Ampps\www\siakad\app\Controllers\Dsn.php(21): App\Models\Model_dsn->jadwal_dosen()
#1 D:\Ampps\www\siakad\system\CodeIgniter.php(923): App\Controllers\Dsn->index()
#2 D:\Ampps\www\siakad\system\CodeIgniter.php(409): CodeIgniter\CodeIgniter->runController(Object(App\Controllers\Dsn))
#3 D:\Ampps\www\siakad\system\CodeIgniter.php(317): CodeIgniter\CodeIgniter->handleRequest(NULL, Object(Config\Cache), false)
#4 D:\Ampps\www\siakad\public\index.php(45): CodeIgniter\CodeIgniter->run()
#5 {main}
CRITICAL - 2021-01-02 10:54:57 --> Too few arguments to function App\Models\Model_dsn::jadwal_dosen(), 0 passed in D:\Ampps\www\siakad\app\Controllers\Dsn.php on line 21 and exactly 1 expected
#0 D:\Ampps\www\siakad\app\Controllers\Dsn.php(21): App\Models\Model_dsn->jadwal_dosen()
#1 D:\Ampps\www\siakad\system\CodeIgniter.php(923): App\Controllers\Dsn->index()
#2 D:\Ampps\www\siakad\system\CodeIgniter.php(409): CodeIgniter\CodeIgniter->runController(Object(App\Controllers\Dsn))
#3 D:\Ampps\www\siakad\system\CodeIgniter.php(317): CodeIgniter\CodeIgniter->handleRequest(NULL, Object(Config\Cache), false)
#4 D:\Ampps\www\siakad\public\index.php(45): CodeIgniter\CodeIgniter->run()
#5 {main}
CRITICAL - 2021-01-02 10:56:19 --> Too few arguments to function App\Models\Model_dsn::jadwal_dosen(), 0 passed in D:\Ampps\www\siakad\app\Controllers\Dsn.php on line 21 and exactly 1 expected
#0 D:\Ampps\www\siakad\app\Controllers\Dsn.php(21): App\Models\Model_dsn->jadwal_dosen()
#1 D:\Ampps\www\siakad\system\CodeIgniter.php(923): App\Controllers\Dsn->index()
#2 D:\Ampps\www\siakad\system\CodeIgniter.php(409): CodeIgniter\CodeIgniter->runController(Object(App\Controllers\Dsn))
#3 D:\Ampps\www\siakad\system\CodeIgniter.php(317): CodeIgniter\CodeIgniter->handleRequest(NULL, Object(Config\Cache), false)
#4 D:\Ampps\www\siakad\public\index.php(45): CodeIgniter\CodeIgniter->run()
#5 {main}
CRITICAL - 2021-01-02 10:56:56 --> Too few arguments to function App\Models\Model_dsn::jadwal_dosen(), 0 passed in D:\Ampps\www\siakad\app\Controllers\Dsn.php on line 22 and exactly 1 expected
#0 D:\Ampps\www\siakad\app\Controllers\Dsn.php(22): App\Models\Model_dsn->jadwal_dosen()
#1 D:\Ampps\www\siakad\system\CodeIgniter.php(923): App\Controllers\Dsn->index()
#2 D:\Ampps\www\siakad\system\CodeIgniter.php(409): CodeIgniter\CodeIgniter->runController(Object(App\Controllers\Dsn))
#3 D:\Ampps\www\siakad\system\CodeIgniter.php(317): CodeIgniter\CodeIgniter->handleRequest(NULL, Object(Config\Cache), false)
#4 D:\Ampps\www\siakad\public\index.php(45): CodeIgniter\CodeIgniter->run()
#5 {main}
