CRITICAL - 2021-01-04 06:52:49 --> Invalid file: dosen/nilai/v_print_nilai.php
#0 D:\Ampps\www\siakad\system\View\View.php(228): CodeIgniter\Exceptions\FrameworkException::forInvalidFile('dosen/nilai/v_p...')
#1 D:\Ampps\www\siakad\system\Common.php(1119): CodeIgniter\View\View->render('dosen/nilai/v_p...', Array, true)
#2 D:\Ampps\www\siakad\app\Views\layout\v_content.php(3): view('dosen/nilai/v_p...')
#3 D:\Ampps\www\siakad\system\View\View.php(246): include('D:\\Ampps\\www\\si...')
#4 D:\Ampps\www\siakad\system\Common.php(1119): CodeIgniter\View\View->render('layout/v_conten...', Array, true)
#5 D:\Ampps\www\siakad\app\Views\layout\v_wrapper.php(5): view('layout/v_conten...')
#6 D:\Ampps\www\siakad\system\View\View.php(246): include('D:\\Ampps\\www\\si...')
#7 D:\Ampps\www\siakad\system\Common.php(1119): CodeIgniter\View\View->render('layout/v_wrappe...', Array, true)
#8 D:\Ampps\www\siakad\app\Controllers\Dsn.php(173): view('layout/v_wrappe...', Array)
#9 D:\Ampps\www\siakad\system\CodeIgniter.php(923): App\Controllers\Dsn->print_nilai('21')
#10 D:\Ampps\www\siakad\system\CodeIgniter.php(409): CodeIgniter\CodeIgniter->runController(Object(App\Controllers\Dsn))
#11 D:\Ampps\www\siakad\system\CodeIgniter.php(317): CodeIgniter\CodeIgniter->handleRequest(NULL, Object(Config\Cache), false)
#12 D:\Ampps\www\siakad\public\index.php(45): CodeIgniter\CodeIgniter->run()
#13 {main}
CRITICAL - 2021-01-04 06:55:03 --> Undefined variable: ta
#0 D:\Ampps\www\siakad\app\Views\dosen\nilai\v_print_nilai.php(39): CodeIgniter\Debug\Exceptions->errorHandler(8, 'Undefined varia...', 'D:\\Ampps\\www\\si...', 39, Array)
#1 D:\Ampps\www\siakad\system\View\View.php(246): include('D:\\Ampps\\www\\si...')
#2 D:\Ampps\www\siakad\system\Common.php(1119): CodeIgniter\View\View->render('dosen/nilai/v_p...', Array, true)
#3 D:\Ampps\www\siakad\app\Views\layout\v_content.php(3): view('dosen/nilai/v_p...')
#4 D:\Ampps\www\siakad\system\View\View.php(246): include('D:\\Ampps\\www\\si...')
#5 D:\Ampps\www\siakad\system\Common.php(1119): CodeIgniter\View\View->render('layout/v_conten...', Array, true)
#6 D:\Ampps\www\siakad\app\Views\layout\v_wrapper.php(5): view('layout/v_conten...')
#7 D:\Ampps\www\siakad\system\View\View.php(246): include('D:\\Ampps\\www\\si...')
#8 D:\Ampps\www\siakad\system\Common.php(1119): CodeIgniter\View\View->render('layout/v_wrappe...', Array, true)
#9 D:\Ampps\www\siakad\app\Controllers\Dsn.php(173): view('layout/v_wrappe...', Array)
#10 D:\Ampps\www\siakad\system\CodeIgniter.php(923): App\Controllers\Dsn->print_nilai('21')
#11 D:\Ampps\www\siakad\system\CodeIgniter.php(409): CodeIgniter\CodeIgniter->runController(Object(App\Controllers\Dsn))
#12 D:\Ampps\www\siakad\system\CodeIgniter.php(317): CodeIgniter\CodeIgniter->handleRequest(NULL, Object(Config\Cache), false)
#13 D:\Ampps\www\siakad\public\index.php(45): CodeIgniter\CodeIgniter->run()
#14 {main}
CRITICAL - 2021-01-04 06:58:07 --> Undefined variable: isi
#0 D:\Ampps\www\siakad\app\Views\layout\v_content.php(2): CodeIgniter\Debug\Exceptions->errorHandler(8, 'Undefined varia...', 'D:\\Ampps\\www\\si...', 2, Array)
#1 D:\Ampps\www\siakad\system\View\View.php(246): include('D:\\Ampps\\www\\si...')
#2 D:\Ampps\www\siakad\system\Common.php(1119): CodeIgniter\View\View->render('layout/v_conten...', Array, true)
#3 D:\Ampps\www\siakad\app\Views\layout\v_wrapper.php(5): view('layout/v_conten...')
#4 D:\Ampps\www\siakad\system\View\View.php(246): include('D:\\Ampps\\www\\si...')
#5 D:\Ampps\www\siakad\system\Common.php(1119): CodeIgniter\View\View->render('layout/v_wrappe...', Array, true)
#6 D:\Ampps\www\siakad\app\Controllers\Dsn.php(174): view('layout/v_wrappe...', Array)
#7 D:\Ampps\www\siakad\system\CodeIgniter.php(923): App\Controllers\Dsn->print_nilai('21')
#8 D:\Ampps\www\siakad\system\CodeIgniter.php(409): CodeIgniter\CodeIgniter->runController(Object(App\Controllers\Dsn))
#9 D:\Ampps\www\siakad\system\CodeIgniter.php(317): CodeIgniter\CodeIgniter->handleRequest(NULL, Object(Config\Cache), false)
#10 D:\Ampps\www\siakad\public\index.php(45): CodeIgniter\CodeIgniter->run()
#11 {main}
CRITICAL - 2021-01-04 06:58:30 --> Invalid file: layout/v_print_nilai.php
#0 D:\Ampps\www\siakad\system\View\View.php(228): CodeIgniter\Exceptions\FrameworkException::forInvalidFile('layout/v_print_...')
#1 D:\Ampps\www\siakad\system\Common.php(1119): CodeIgniter\View\View->render('layout/v_print_...', Array, true)
#2 D:\Ampps\www\siakad\app\Controllers\Dsn.php(174): view('layout/v_print_...', Array)
#3 D:\Ampps\www\siakad\system\CodeIgniter.php(923): App\Controllers\Dsn->print_nilai('21')
#4 D:\Ampps\www\siakad\system\CodeIgniter.php(409): CodeIgniter\CodeIgniter->runController(Object(App\Controllers\Dsn))
#5 D:\Ampps\www\siakad\system\CodeIgniter.php(317): CodeIgniter\CodeIgniter->handleRequest(NULL, Object(Config\Cache), false)
#6 D:\Ampps\www\siakad\public\index.php(45): CodeIgniter\CodeIgniter->run()
#7 {main}
CRITICAL - 2021-01-04 06:59:03 --> Illegal string offset 'ta'
#0 D:\Ampps\www\siakad\app\Views\dosen\nilai\v_print_nilai.php(39): CodeIgniter\Debug\Exceptions->errorHandler(2, 'Illegal string ...', 'D:\\Ampps\\www\\si...', 39, Array)
#1 D:\Ampps\www\siakad\system\View\View.php(246): include('D:\\Ampps\\www\\si...')
#2 D:\Ampps\www\siakad\system\Common.php(1119): CodeIgniter\View\View->render('dosen/nilai/v_p...', Array, true)
#3 D:\Ampps\www\siakad\app\Controllers\Dsn.php(174): view('dosen/nilai/v_p...', Array)
#4 D:\Ampps\www\siakad\system\CodeIgniter.php(923): App\Controllers\Dsn->print_nilai('21')
#5 D:\Ampps\www\siakad\system\CodeIgniter.php(409): CodeIgniter\CodeIgniter->runController(Object(App\Controllers\Dsn))
#6 D:\Ampps\www\siakad\system\CodeIgniter.php(317): CodeIgniter\CodeIgniter->handleRequest(NULL, Object(Config\Cache), false)
#7 D:\Ampps\www\siakad\public\index.php(45): CodeIgniter\CodeIgniter->run()
#8 {main}
CRITICAL - 2021-01-04 06:59:04 --> Illegal string offset 'ta'
#0 D:\Ampps\www\siakad\app\Views\dosen\nilai\v_print_nilai.php(39): CodeIgniter\Debug\Exceptions->errorHandler(2, 'Illegal string ...', 'D:\\Ampps\\www\\si...', 39, Array)
#1 D:\Ampps\www\siakad\system\View\View.php(246): include('D:\\Ampps\\www\\si...')
#2 D:\Ampps\www\siakad\system\Common.php(1119): CodeIgniter\View\View->render('dosen/nilai/v_p...', Array, true)
#3 D:\Ampps\www\siakad\app\Controllers\Dsn.php(174): view('dosen/nilai/v_p...', Array)
#4 D:\Ampps\www\siakad\system\CodeIgniter.php(923): App\Controllers\Dsn->print_nilai('21')
#5 D:\Ampps\www\siakad\system\CodeIgniter.php(409): CodeIgniter\CodeIgniter->runController(Object(App\Controllers\Dsn))
#6 D:\Ampps\www\siakad\system\CodeIgniter.php(317): CodeIgniter\CodeIgniter->handleRequest(NULL, Object(Config\Cache), false)
#7 D:\Ampps\www\siakad\public\index.php(45): CodeIgniter\CodeIgniter->run()
#8 {main}
CRITICAL - 2021-01-04 08:45:47 --> syntax error, unexpected '}', expecting ',' or ';'
#0 D:\Ampps\www\siakad\system\Common.php(1119): CodeIgniter\View\View->render('mhs/v_khs', Array, true)
#1 D:\Ampps\www\siakad\app\Views\layout\v_content.php(3): view('mhs/v_khs')
#2 D:\Ampps\www\siakad\system\View\View.php(246): include('D:\\Ampps\\www\\si...')
#3 D:\Ampps\www\siakad\system\Common.php(1119): CodeIgniter\View\View->render('layout/v_conten...', Array, true)
#4 D:\Ampps\www\siakad\app\Views\layout\v_wrapper.php(5): view('layout/v_conten...')
#5 D:\Ampps\www\siakad\system\View\View.php(246): include('D:\\Ampps\\www\\si...')
#6 D:\Ampps\www\siakad\system\Common.php(1119): CodeIgniter\View\View->render('layout/v_wrappe...', Array, true)
#7 D:\Ampps\www\siakad\app\Controllers\Mhs.php(148): view('layout/v_wrappe...', Array)
#8 D:\Ampps\www\siakad\system\CodeIgniter.php(923): App\Controllers\Mhs->khs()
#9 D:\Ampps\www\siakad\system\CodeIgniter.php(409): CodeIgniter\CodeIgniter->runController(Object(App\Controllers\Mhs))
#10 D:\Ampps\www\siakad\system\CodeIgniter.php(317): CodeIgniter\CodeIgniter->handleRequest(NULL, Object(Config\Cache), false)
#11 D:\Ampps\www\siakad\public\index.php(45): CodeIgniter\CodeIgniter->run()
#12 {main}
CRITICAL - 2021-01-04 09:22:43 --> Undefined variable: ta_aktif
#0 D:\Ampps\www\siakad\app\Views\v_dashboard_dsn.php(3): CodeIgniter\Debug\Exceptions->errorHandler(8, 'Undefined varia...', 'D:\\Ampps\\www\\si...', 3, Array)
#1 D:\Ampps\www\siakad\system\View\View.php(246): include('D:\\Ampps\\www\\si...')
#2 D:\Ampps\www\siakad\system\Common.php(1119): CodeIgniter\View\View->render('v_dashboard_dsn', Array, true)
#3 D:\Ampps\www\siakad\app\Views\layout\v_content.php(3): view('v_dashboard_dsn')
#4 D:\Ampps\www\siakad\system\View\View.php(246): include('D:\\Ampps\\www\\si...')
#5 D:\Ampps\www\siakad\system\Common.php(1119): CodeIgniter\View\View->render('layout/v_conten...', Array, true)
#6 D:\Ampps\www\siakad\app\Views\layout\v_wrapper.php(5): view('layout/v_conten...')
#7 D:\Ampps\www\siakad\system\View\View.php(246): include('D:\\Ampps\\www\\si...')
#8 D:\Ampps\www\siakad\system\Common.php(1119): CodeIgniter\View\View->render('layout/v_wrappe...', Array, true)
#9 D:\Ampps\www\siakad\app\Controllers\Dsn.php(24): view('layout/v_wrappe...', Array)
#10 D:\Ampps\www\siakad\system\CodeIgniter.php(923): App\Controllers\Dsn->index()
#11 D:\Ampps\www\siakad\system\CodeIgniter.php(409): CodeIgniter\CodeIgniter->runController(Object(App\Controllers\Dsn))
#12 D:\Ampps\www\siakad\system\CodeIgniter.php(317): CodeIgniter\CodeIgniter->handleRequest(NULL, Object(Config\Cache), false)
#13 D:\Ampps\www\siakad\public\index.php(45): CodeIgniter\CodeIgniter->run()
#14 {main}
CRITICAL - 2021-01-04 09:31:42 --> You must set the database table to be used with your query.
#0 D:\Ampps\www\siakad\system\Model.php(1237): CodeIgniter\Database\BaseConnection->table(NULL)
#1 D:\Ampps\www\siakad\system\Model.php(1816): CodeIgniter\Model->builder()
#2 D:\Ampps\www\siakad\app\Controllers\Dsn.php(22): CodeIgniter\Model->__call('data_dosen', Array)
#3 D:\Ampps\www\siakad\system\CodeIgniter.php(923): App\Controllers\Dsn->index()
#4 D:\Ampps\www\siakad\system\CodeIgniter.php(409): CodeIgniter\CodeIgniter->runController(Object(App\Controllers\Dsn))
#5 D:\Ampps\www\siakad\system\CodeIgniter.php(317): CodeIgniter\CodeIgniter->handleRequest(NULL, Object(Config\Cache), false)
#6 D:\Ampps\www\siakad\public\index.php(45): CodeIgniter\CodeIgniter->run()
#7 {main}
CRITICAL - 2021-01-04 09:32:12 --> You must set the database table to be used with your query.
#0 D:\Ampps\www\siakad\system\Model.php(1237): CodeIgniter\Database\BaseConnection->table(NULL)
#1 D:\Ampps\www\siakad\system\Model.php(1816): CodeIgniter\Model->builder()
#2 D:\Ampps\www\siakad\app\Controllers\Dsn.php(22): CodeIgniter\Model->__call('data_dosen', Array)
#3 D:\Ampps\www\siakad\system\CodeIgniter.php(923): App\Controllers\Dsn->index()
#4 D:\Ampps\www\siakad\system\CodeIgniter.php(409): CodeIgniter\CodeIgniter->runController(Object(App\Controllers\Dsn))
#5 D:\Ampps\www\siakad\system\CodeIgniter.php(317): CodeIgniter\CodeIgniter->handleRequest(NULL, Object(Config\Cache), false)
#6 D:\Ampps\www\siakad\public\index.php(45): CodeIgniter\CodeIgniter->run()
#7 {main}
CRITICAL - 2021-01-04 09:32:13 --> You must set the database table to be used with your query.
#0 D:\Ampps\www\siakad\system\Model.php(1237): CodeIgniter\Database\BaseConnection->table(NULL)
#1 D:\Ampps\www\siakad\system\Model.php(1816): CodeIgniter\Model->builder()
#2 D:\Ampps\www\siakad\app\Controllers\Dsn.php(22): CodeIgniter\Model->__call('data_dosen', Array)
#3 D:\Ampps\www\siakad\system\CodeIgniter.php(923): App\Controllers\Dsn->index()
#4 D:\Ampps\www\siakad\system\CodeIgniter.php(409): CodeIgniter\CodeIgniter->runController(Object(App\Controllers\Dsn))
#5 D:\Ampps\www\siakad\system\CodeIgniter.php(317): CodeIgniter\CodeIgniter->handleRequest(NULL, Object(Config\Cache), false)
#6 D:\Ampps\www\siakad\public\index.php(45): CodeIgniter\CodeIgniter->run()
#7 {main}
CRITICAL - 2021-01-04 09:32:13 --> You must set the database table to be used with your query.
#0 D:\Ampps\www\siakad\system\Model.php(1237): CodeIgniter\Database\BaseConnection->table(NULL)
#1 D:\Ampps\www\siakad\system\Model.php(1816): CodeIgniter\Model->builder()
#2 D:\Ampps\www\siakad\app\Controllers\Dsn.php(22): CodeIgniter\Model->__call('data_dosen', Array)
#3 D:\Ampps\www\siakad\system\CodeIgniter.php(923): App\Controllers\Dsn->index()
#4 D:\Ampps\www\siakad\system\CodeIgniter.php(409): CodeIgniter\CodeIgniter->runController(Object(App\Controllers\Dsn))
#5 D:\Ampps\www\siakad\system\CodeIgniter.php(317): CodeIgniter\CodeIgniter->handleRequest(NULL, Object(Config\Cache), false)
#6 D:\Ampps\www\siakad\public\index.php(45): CodeIgniter\CodeIgniter->run()
#7 {main}
CRITICAL - 2021-01-04 09:32:13 --> You must set the database table to be used with your query.
#0 D:\Ampps\www\siakad\system\Model.php(1237): CodeIgniter\Database\BaseConnection->table(NULL)
#1 D:\Ampps\www\siakad\system\Model.php(1816): CodeIgniter\Model->builder()
#2 D:\Ampps\www\siakad\app\Controllers\Dsn.php(22): CodeIgniter\Model->__call('data_dosen', Array)
#3 D:\Ampps\www\siakad\system\CodeIgniter.php(923): App\Controllers\Dsn->index()
#4 D:\Ampps\www\siakad\system\CodeIgniter.php(409): CodeIgniter\CodeIgniter->runController(Object(App\Controllers\Dsn))
#5 D:\Ampps\www\siakad\system\CodeIgniter.php(317): CodeIgniter\CodeIgniter->handleRequest(NULL, Object(Config\Cache), false)
#6 D:\Ampps\www\siakad\public\index.php(45): CodeIgniter\CodeIgniter->run()
#7 {main}
CRITICAL - 2021-01-04 09:32:14 --> You must set the database table to be used with your query.
#0 D:\Ampps\www\siakad\system\Model.php(1237): CodeIgniter\Database\BaseConnection->table(NULL)
#1 D:\Ampps\www\siakad\system\Model.php(1816): CodeIgniter\Model->builder()
#2 D:\Ampps\www\siakad\app\Controllers\Dsn.php(22): CodeIgniter\Model->__call('data_dosen', Array)
#3 D:\Ampps\www\siakad\system\CodeIgniter.php(923): App\Controllers\Dsn->index()
#4 D:\Ampps\www\siakad\system\CodeIgniter.php(409): CodeIgniter\CodeIgniter->runController(Object(App\Controllers\Dsn))
#5 D:\Ampps\www\siakad\system\CodeIgniter.php(317): CodeIgniter\CodeIgniter->handleRequest(NULL, Object(Config\Cache), false)
#6 D:\Ampps\www\siakad\public\index.php(45): CodeIgniter\CodeIgniter->run()
#7 {main}
CRITICAL - 2021-01-04 09:35:17 --> Undefined variable: ta_aktif
#0 D:\Ampps\www\siakad\app\Views\v_dashboard_dsn.php(3): CodeIgniter\Debug\Exceptions->errorHandler(8, 'Undefined varia...', 'D:\\Ampps\\www\\si...', 3, Array)
#1 D:\Ampps\www\siakad\system\View\View.php(246): include('D:\\Ampps\\www\\si...')
#2 D:\Ampps\www\siakad\system\Common.php(1119): CodeIgniter\View\View->render('v_dashboard_dsn', Array, true)
#3 D:\Ampps\www\siakad\app\Views\layout\v_content.php(3): view('v_dashboard_dsn')
#4 D:\Ampps\www\siakad\system\View\View.php(246): include('D:\\Ampps\\www\\si...')
#5 D:\Ampps\www\siakad\system\Common.php(1119): CodeIgniter\View\View->render('layout/v_conten...', Array, true)
#6 D:\Ampps\www\siakad\app\Views\layout\v_wrapper.php(5): view('layout/v_conten...')
#7 D:\Ampps\www\siakad\system\View\View.php(246): include('D:\\Ampps\\www\\si...')
#8 D:\Ampps\www\siakad\system\Common.php(1119): CodeIgniter\View\View->render('layout/v_wrappe...', Array, true)
#9 D:\Ampps\www\siakad\app\Controllers\Dsn.php(25): view('layout/v_wrappe...', Array)
#10 D:\Ampps\www\siakad\system\CodeIgniter.php(923): App\Controllers\Dsn->index()
#11 D:\Ampps\www\siakad\system\CodeIgniter.php(409): CodeIgniter\CodeIgniter->runController(Object(App\Controllers\Dsn))
#12 D:\Ampps\www\siakad\system\CodeIgniter.php(317): CodeIgniter\CodeIgniter->handleRequest(NULL, Object(Config\Cache), false)
#13 D:\Ampps\www\siakad\public\index.php(45): CodeIgniter\CodeIgniter->run()
#14 {main}
CRITICAL - 2021-01-04 09:36:02 --> Undefined variable: ta_aktif
#0 D:\Ampps\www\siakad\app\Views\v_dashboard_dsn.php(3): CodeIgniter\Debug\Exceptions->errorHandler(8, 'Undefined varia...', 'D:\\Ampps\\www\\si...', 3, Array)
#1 D:\Ampps\www\siakad\system\View\View.php(246): include('D:\\Ampps\\www\\si...')
#2 D:\Ampps\www\siakad\system\Common.php(1119): CodeIgniter\View\View->render('v_dashboard_dsn', Array, true)
#3 D:\Ampps\www\siakad\app\Views\layout\v_content.php(3): view('v_dashboard_dsn')
#4 D:\Ampps\www\siakad\system\View\View.php(246): include('D:\\Ampps\\www\\si...')
#5 D:\Ampps\www\siakad\system\Common.php(1119): CodeIgniter\View\View->render('layout/v_conten...', Array, true)
#6 D:\Ampps\www\siakad\app\Views\layout\v_wrapper.php(5): view('layout/v_conten...')
#7 D:\Ampps\www\siakad\system\View\View.php(246): include('D:\\Ampps\\www\\si...')
#8 D:\Ampps\www\siakad\system\Common.php(1119): CodeIgniter\View\View->render('layout/v_wrappe...', Array, true)
#9 D:\Ampps\www\siakad\app\Controllers\Dsn.php(26): view('layout/v_wrappe...', Array)
#10 D:\Ampps\www\siakad\system\CodeIgniter.php(923): App\Controllers\Dsn->index()
#11 D:\Ampps\www\siakad\system\CodeIgniter.php(409): CodeIgniter\CodeIgniter->runController(Object(App\Controllers\Dsn))
#12 D:\Ampps\www\siakad\system\CodeIgniter.php(317): CodeIgniter\CodeIgniter->handleRequest(NULL, Object(Config\Cache), false)
#13 D:\Ampps\www\siakad\public\index.php(45): CodeIgniter\CodeIgniter->run()
#14 {main}
CRITICAL - 2021-01-04 09:36:03 --> Undefined variable: ta_aktif
#0 D:\Ampps\www\siakad\app\Views\v_dashboard_dsn.php(3): CodeIgniter\Debug\Exceptions->errorHandler(8, 'Undefined varia...', 'D:\\Ampps\\www\\si...', 3, Array)
#1 D:\Ampps\www\siakad\system\View\View.php(246): include('D:\\Ampps\\www\\si...')
#2 D:\Ampps\www\siakad\system\Common.php(1119): CodeIgniter\View\View->render('v_dashboard_dsn', Array, true)
#3 D:\Ampps\www\siakad\app\Views\layout\v_content.php(3): view('v_dashboard_dsn')
#4 D:\Ampps\www\siakad\system\View\View.php(246): include('D:\\Ampps\\www\\si...')
#5 D:\Ampps\www\siakad\system\Common.php(1119): CodeIgniter\View\View->render('layout/v_conten...', Array, true)
#6 D:\Ampps\www\siakad\app\Views\layout\v_wrapper.php(5): view('layout/v_conten...')
#7 D:\Ampps\www\siakad\system\View\View.php(246): include('D:\\Ampps\\www\\si...')
#8 D:\Ampps\www\siakad\system\Common.php(1119): CodeIgniter\View\View->render('layout/v_wrappe...', Array, true)
#9 D:\Ampps\www\siakad\app\Controllers\Dsn.php(26): view('layout/v_wrappe...', Array)
#10 D:\Ampps\www\siakad\system\CodeIgniter.php(923): App\Controllers\Dsn->index()
#11 D:\Ampps\www\siakad\system\CodeIgniter.php(409): CodeIgniter\CodeIgniter->runController(Object(App\Controllers\Dsn))
#12 D:\Ampps\www\siakad\system\CodeIgniter.php(317): CodeIgniter\CodeIgniter->handleRequest(NULL, Object(Config\Cache), false)
#13 D:\Ampps\www\siakad\public\index.php(45): CodeIgniter\CodeIgniter->run()
#14 {main}
CRITICAL - 2021-01-04 09:36:04 --> Undefined variable: ta_aktif
#0 D:\Ampps\www\siakad\app\Views\v_dashboard_dsn.php(3): CodeIgniter\Debug\Exceptions->errorHandler(8, 'Undefined varia...', 'D:\\Ampps\\www\\si...', 3, Array)
#1 D:\Ampps\www\siakad\system\View\View.php(246): include('D:\\Ampps\\www\\si...')
#2 D:\Ampps\www\siakad\system\Common.php(1119): CodeIgniter\View\View->render('v_dashboard_dsn', Array, true)
#3 D:\Ampps\www\siakad\app\Views\layout\v_content.php(3): view('v_dashboard_dsn')
#4 D:\Ampps\www\siakad\system\View\View.php(246): include('D:\\Ampps\\www\\si...')
#5 D:\Ampps\www\siakad\system\Common.php(1119): CodeIgniter\View\View->render('layout/v_conten...', Array, true)
#6 D:\Ampps\www\siakad\app\Views\layout\v_wrapper.php(5): view('layout/v_conten...')
#7 D:\Ampps\www\siakad\system\View\View.php(246): include('D:\\Ampps\\www\\si...')
#8 D:\Ampps\www\siakad\system\Common.php(1119): CodeIgniter\View\View->render('layout/v_wrappe...', Array, true)
#9 D:\Ampps\www\siakad\app\Controllers\Dsn.php(26): view('layout/v_wrappe...', Array)
#10 D:\Ampps\www\siakad\system\CodeIgniter.php(923): App\Controllers\Dsn->index()
#11 D:\Ampps\www\siakad\system\CodeIgniter.php(409): CodeIgniter\CodeIgniter->runController(Object(App\Controllers\Dsn))
#12 D:\Ampps\www\siakad\system\CodeIgniter.php(317): CodeIgniter\CodeIgniter->handleRequest(NULL, Object(Config\Cache), false)
#13 D:\Ampps\www\siakad\public\index.php(45): CodeIgniter\CodeIgniter->run()
#14 {main}
CRITICAL - 2021-01-04 09:36:04 --> Undefined variable: ta_aktif
#0 D:\Ampps\www\siakad\app\Views\v_dashboard_dsn.php(3): CodeIgniter\Debug\Exceptions->errorHandler(8, 'Undefined varia...', 'D:\\Ampps\\www\\si...', 3, Array)
#1 D:\Ampps\www\siakad\system\View\View.php(246): include('D:\\Ampps\\www\\si...')
#2 D:\Ampps\www\siakad\system\Common.php(1119): CodeIgniter\View\View->render('v_dashboard_dsn', Array, true)
#3 D:\Ampps\www\siakad\app\Views\layout\v_content.php(3): view('v_dashboard_dsn')
#4 D:\Ampps\www\siakad\system\View\View.php(246): include('D:\\Ampps\\www\\si...')
#5 D:\Ampps\www\siakad\system\Common.php(1119): CodeIgniter\View\View->render('layout/v_conten...', Array, true)
#6 D:\Ampps\www\siakad\app\Views\layout\v_wrapper.php(5): view('layout/v_conten...')
#7 D:\Ampps\www\siakad\system\View\View.php(246): include('D:\\Ampps\\www\\si...')
#8 D:\Ampps\www\siakad\system\Common.php(1119): CodeIgniter\View\View->render('layout/v_wrappe...', Array, true)
#9 D:\Ampps\www\siakad\app\Controllers\Dsn.php(26): view('layout/v_wrappe...', Array)
#10 D:\Ampps\www\siakad\system\CodeIgniter.php(923): App\Controllers\Dsn->index()
#11 D:\Ampps\www\siakad\system\CodeIgniter.php(409): CodeIgniter\CodeIgniter->runController(Object(App\Controllers\Dsn))
#12 D:\Ampps\www\siakad\system\CodeIgniter.php(317): CodeIgniter\CodeIgniter->handleRequest(NULL, Object(Config\Cache), false)
#13 D:\Ampps\www\siakad\public\index.php(45): CodeIgniter\CodeIgniter->run()
#14 {main}
CRITICAL - 2021-01-04 09:36:04 --> Undefined variable: ta_aktif
#0 D:\Ampps\www\siakad\app\Views\v_dashboard_dsn.php(3): CodeIgniter\Debug\Exceptions->errorHandler(8, 'Undefined varia...', 'D:\\Ampps\\www\\si...', 3, Array)
#1 D:\Ampps\www\siakad\system\View\View.php(246): include('D:\\Ampps\\www\\si...')
#2 D:\Ampps\www\siakad\system\Common.php(1119): CodeIgniter\View\View->render('v_dashboard_dsn', Array, true)
#3 D:\Ampps\www\siakad\app\Views\layout\v_content.php(3): view('v_dashboard_dsn')
#4 D:\Ampps\www\siakad\system\View\View.php(246): include('D:\\Ampps\\www\\si...')
#5 D:\Ampps\www\siakad\system\Common.php(1119): CodeIgniter\View\View->render('layout/v_conten...', Array, true)
#6 D:\Ampps\www\siakad\app\Views\layout\v_wrapper.php(5): view('layout/v_conten...')
#7 D:\Ampps\www\siakad\system\View\View.php(246): include('D:\\Ampps\\www\\si...')
#8 D:\Ampps\www\siakad\system\Common.php(1119): CodeIgniter\View\View->render('layout/v_wrappe...', Array, true)
#9 D:\Ampps\www\siakad\app\Controllers\Dsn.php(26): view('layout/v_wrappe...', Array)
#10 D:\Ampps\www\siakad\system\CodeIgniter.php(923): App\Controllers\Dsn->index()
#11 D:\Ampps\www\siakad\system\CodeIgniter.php(409): CodeIgniter\CodeIgniter->runController(Object(App\Controllers\Dsn))
#12 D:\Ampps\www\siakad\system\CodeIgniter.php(317): CodeIgniter\CodeIgniter->handleRequest(NULL, Object(Config\Cache), false)
#13 D:\Ampps\www\siakad\public\index.php(45): CodeIgniter\CodeIgniter->run()
#14 {main}
CRITICAL - 2021-01-04 09:36:04 --> Undefined variable: ta_aktif
#0 D:\Ampps\www\siakad\app\Views\v_dashboard_dsn.php(3): CodeIgniter\Debug\Exceptions->errorHandler(8, 'Undefined varia...', 'D:\\Ampps\\www\\si...', 3, Array)
#1 D:\Ampps\www\siakad\system\View\View.php(246): include('D:\\Ampps\\www\\si...')
#2 D:\Ampps\www\siakad\system\Common.php(1119): CodeIgniter\View\View->render('v_dashboard_dsn', Array, true)
#3 D:\Ampps\www\siakad\app\Views\layout\v_content.php(3): view('v_dashboard_dsn')
#4 D:\Ampps\www\siakad\system\View\View.php(246): include('D:\\Ampps\\www\\si...')
#5 D:\Ampps\www\siakad\system\Common.php(1119): CodeIgniter\View\View->render('layout/v_conten...', Array, true)
#6 D:\Ampps\www\siakad\app\Views\layout\v_wrapper.php(5): view('layout/v_conten...')
#7 D:\Ampps\www\siakad\system\View\View.php(246): include('D:\\Ampps\\www\\si...')
#8 D:\Ampps\www\siakad\system\Common.php(1119): CodeIgniter\View\View->render('layout/v_wrappe...', Array, true)
#9 D:\Ampps\www\siakad\app\Controllers\Dsn.php(26): view('layout/v_wrappe...', Array)
#10 D:\Ampps\www\siakad\system\CodeIgniter.php(923): App\Controllers\Dsn->index()
#11 D:\Ampps\www\siakad\system\CodeIgniter.php(409): CodeIgniter\CodeIgniter->runController(Object(App\Controllers\Dsn))
#12 D:\Ampps\www\siakad\system\CodeIgniter.php(317): CodeIgniter\CodeIgniter->handleRequest(NULL, Object(Config\Cache), false)
#13 D:\Ampps\www\siakad\public\index.php(45): CodeIgniter\CodeIgniter->run()
#14 {main}
CRITICAL - 2021-01-04 09:36:05 --> Undefined variable: ta_aktif
#0 D:\Ampps\www\siakad\app\Views\v_dashboard_dsn.php(3): CodeIgniter\Debug\Exceptions->errorHandler(8, 'Undefined varia...', 'D:\\Ampps\\www\\si...', 3, Array)
#1 D:\Ampps\www\siakad\system\View\View.php(246): include('D:\\Ampps\\www\\si...')
#2 D:\Ampps\www\siakad\system\Common.php(1119): CodeIgniter\View\View->render('v_dashboard_dsn', Array, true)
#3 D:\Ampps\www\siakad\app\Views\layout\v_content.php(3): view('v_dashboard_dsn')
#4 D:\Ampps\www\siakad\system\View\View.php(246): include('D:\\Ampps\\www\\si...')
#5 D:\Ampps\www\siakad\system\Common.php(1119): CodeIgniter\View\View->render('layout/v_conten...', Array, true)
#6 D:\Ampps\www\siakad\app\Views\layout\v_wrapper.php(5): view('layout/v_conten...')
#7 D:\Ampps\www\siakad\system\View\View.php(246): include('D:\\Ampps\\www\\si...')
#8 D:\Ampps\www\siakad\system\Common.php(1119): CodeIgniter\View\View->render('layout/v_wrappe...', Array, true)
#9 D:\Ampps\www\siakad\app\Controllers\Dsn.php(26): view('layout/v_wrappe...', Array)
#10 D:\Ampps\www\siakad\system\CodeIgniter.php(923): App\Controllers\Dsn->index()
#11 D:\Ampps\www\siakad\system\CodeIgniter.php(409): CodeIgniter\CodeIgniter->runController(Object(App\Controllers\Dsn))
#12 D:\Ampps\www\siakad\system\CodeIgniter.php(317): CodeIgniter\CodeIgniter->handleRequest(NULL, Object(Config\Cache), false)
#13 D:\Ampps\www\siakad\public\index.php(45): CodeIgniter\CodeIgniter->run()
#14 {main}
CRITICAL - 2021-01-04 09:36:05 --> Undefined variable: ta_aktif
#0 D:\Ampps\www\siakad\app\Views\v_dashboard_dsn.php(3): CodeIgniter\Debug\Exceptions->errorHandler(8, 'Undefined varia...', 'D:\\Ampps\\www\\si...', 3, Array)
#1 D:\Ampps\www\siakad\system\View\View.php(246): include('D:\\Ampps\\www\\si...')
#2 D:\Ampps\www\siakad\system\Common.php(1119): CodeIgniter\View\View->render('v_dashboard_dsn', Array, true)
#3 D:\Ampps\www\siakad\app\Views\layout\v_content.php(3): view('v_dashboard_dsn')
#4 D:\Ampps\www\siakad\system\View\View.php(246): include('D:\\Ampps\\www\\si...')
#5 D:\Ampps\www\siakad\system\Common.php(1119): CodeIgniter\View\View->render('layout/v_conten...', Array, true)
#6 D:\Ampps\www\siakad\app\Views\layout\v_wrapper.php(5): view('layout/v_conten...')
#7 D:\Ampps\www\siakad\system\View\View.php(246): include('D:\\Ampps\\www\\si...')
#8 D:\Ampps\www\siakad\system\Common.php(1119): CodeIgniter\View\View->render('layout/v_wrappe...', Array, true)
#9 D:\Ampps\www\siakad\app\Controllers\Dsn.php(26): view('layout/v_wrappe...', Array)
#10 D:\Ampps\www\siakad\system\CodeIgniter.php(923): App\Controllers\Dsn->index()
#11 D:\Ampps\www\siakad\system\CodeIgniter.php(409): CodeIgniter\CodeIgniter->runController(Object(App\Controllers\Dsn))
#12 D:\Ampps\www\siakad\system\CodeIgniter.php(317): CodeIgniter\CodeIgniter->handleRequest(NULL, Object(Config\Cache), false)
#13 D:\Ampps\www\siakad\public\index.php(45): CodeIgniter\CodeIgniter->run()
#14 {main}
CRITICAL - 2021-01-04 09:37:12 --> Undefined variable: ta_aktif
#0 D:\Ampps\www\siakad\app\Views\v_dashboard_dsn.php(3): CodeIgniter\Debug\Exceptions->errorHandler(8, 'Undefined varia...', 'D:\\Ampps\\www\\si...', 3, Array)
#1 D:\Ampps\www\siakad\system\View\View.php(246): include('D:\\Ampps\\www\\si...')
#2 D:\Ampps\www\siakad\system\Common.php(1119): CodeIgniter\View\View->render('v_dashboard_dsn', Array, true)
#3 D:\Ampps\www\siakad\app\Views\layout\v_content.php(3): view('v_dashboard_dsn')
#4 D:\Ampps\www\siakad\system\View\View.php(246): include('D:\\Ampps\\www\\si...')
#5 D:\Ampps\www\siakad\system\Common.php(1119): CodeIgniter\View\View->render('layout/v_conten...', Array, true)
#6 D:\Ampps\www\siakad\app\Views\layout\v_wrapper.php(5): view('layout/v_conten...')
#7 D:\Ampps\www\siakad\system\View\View.php(246): include('D:\\Ampps\\www\\si...')
#8 D:\Ampps\www\siakad\system\Common.php(1119): CodeIgniter\View\View->render('layout/v_wrappe...', Array, true)
#9 D:\Ampps\www\siakad\app\Controllers\Dsn.php(26): view('layout/v_wrappe...', Array)
#10 D:\Ampps\www\siakad\system\CodeIgniter.php(923): App\Controllers\Dsn->index()
#11 D:\Ampps\www\siakad\system\CodeIgniter.php(409): CodeIgniter\CodeIgniter->runController(Object(App\Controllers\Dsn))
#12 D:\Ampps\www\siakad\system\CodeIgniter.php(317): CodeIgniter\CodeIgniter->handleRequest(NULL, Object(Config\Cache), false)
#13 D:\Ampps\www\siakad\public\index.php(45): CodeIgniter\CodeIgniter->run()
#14 {main}
CRITICAL - 2021-01-04 09:38:24 --> Undefined index: foto_dosen
#0 D:\Ampps\www\siakad\app\Views\v_dashboard_dsn.php(12): CodeIgniter\Debug\Exceptions->errorHandler(8, 'Undefined index...', 'D:\\Ampps\\www\\si...', 12, Array)
#1 D:\Ampps\www\siakad\system\View\View.php(246): include('D:\\Ampps\\www\\si...')
#2 D:\Ampps\www\siakad\system\Common.php(1119): CodeIgniter\View\View->render('v_dashboard_dsn', Array, true)
#3 D:\Ampps\www\siakad\app\Views\layout\v_content.php(3): view('v_dashboard_dsn')
#4 D:\Ampps\www\siakad\system\View\View.php(246): include('D:\\Ampps\\www\\si...')
#5 D:\Ampps\www\siakad\system\Common.php(1119): CodeIgniter\View\View->render('layout/v_conten...', Array, true)
#6 D:\Ampps\www\siakad\app\Views\layout\v_wrapper.php(5): view('layout/v_conten...')
#7 D:\Ampps\www\siakad\system\View\View.php(246): include('D:\\Ampps\\www\\si...')
#8 D:\Ampps\www\siakad\system\Common.php(1119): CodeIgniter\View\View->render('layout/v_wrappe...', Array, true)
#9 D:\Ampps\www\siakad\app\Controllers\Dsn.php(26): view('layout/v_wrappe...', Array)
#10 D:\Ampps\www\siakad\system\CodeIgniter.php(923): App\Controllers\Dsn->index()
#11 D:\Ampps\www\siakad\system\CodeIgniter.php(409): CodeIgniter\CodeIgniter->runController(Object(App\Controllers\Dsn))
#12 D:\Ampps\www\siakad\system\CodeIgniter.php(317): CodeIgniter\CodeIgniter->handleRequest(NULL, Object(Config\Cache), false)
#13 D:\Ampps\www\siakad\public\index.php(45): CodeIgniter\CodeIgniter->run()
#14 {main}
CRITICAL - 2021-01-04 09:40:50 --> Undefined variable: mhs
#0 D:\Ampps\www\siakad\app\Views\v_dashboard_dsn.php(32): CodeIgniter\Debug\Exceptions->errorHandler(8, 'Undefined varia...', 'D:\\Ampps\\www\\si...', 32, Array)
#1 D:\Ampps\www\siakad\system\View\View.php(246): include('D:\\Ampps\\www\\si...')
#2 D:\Ampps\www\siakad\system\Common.php(1119): CodeIgniter\View\View->render('v_dashboard_dsn', Array, true)
#3 D:\Ampps\www\siakad\app\Views\layout\v_content.php(3): view('v_dashboard_dsn')
#4 D:\Ampps\www\siakad\system\View\View.php(246): include('D:\\Ampps\\www\\si...')
#5 D:\Ampps\www\siakad\system\Common.php(1119): CodeIgniter\View\View->render('layout/v_conten...', Array, true)
#6 D:\Ampps\www\siakad\app\Views\layout\v_wrapper.php(5): view('layout/v_conten...')
#7 D:\Ampps\www\siakad\system\View\View.php(246): include('D:\\Ampps\\www\\si...')
#8 D:\Ampps\www\siakad\system\Common.php(1119): CodeIgniter\View\View->render('layout/v_wrappe...', Array, true)
#9 D:\Ampps\www\siakad\app\Controllers\Dsn.php(26): view('layout/v_wrappe...', Array)
#10 D:\Ampps\www\siakad\system\CodeIgniter.php(923): App\Controllers\Dsn->index()
#11 D:\Ampps\www\siakad\system\CodeIgniter.php(409): CodeIgniter\CodeIgniter->runController(Object(App\Controllers\Dsn))
#12 D:\Ampps\www\siakad\system\CodeIgniter.php(317): CodeIgniter\CodeIgniter->handleRequest(NULL, Object(Config\Cache), false)
#13 D:\Ampps\www\siakad\public\index.php(45): CodeIgniter\CodeIgniter->run()
#14 {main}
CRITICAL - 2021-01-04 09:41:20 --> Undefined variable: mhs
#0 D:\Ampps\www\siakad\app\Views\v_dashboard_dsn.php(32): CodeIgniter\Debug\Exceptions->errorHandler(8, 'Undefined varia...', 'D:\\Ampps\\www\\si...', 32, Array)
#1 D:\Ampps\www\siakad\system\View\View.php(246): include('D:\\Ampps\\www\\si...')
#2 D:\Ampps\www\siakad\system\Common.php(1119): CodeIgniter\View\View->render('v_dashboard_dsn', Array, true)
#3 D:\Ampps\www\siakad\app\Views\layout\v_content.php(3): view('v_dashboard_dsn')
#4 D:\Ampps\www\siakad\system\View\View.php(246): include('D:\\Ampps\\www\\si...')
#5 D:\Ampps\www\siakad\system\Common.php(1119): CodeIgniter\View\View->render('layout/v_conten...', Array, true)
#6 D:\Ampps\www\siakad\app\Views\layout\v_wrapper.php(5): view('layout/v_conten...')
#7 D:\Ampps\www\siakad\system\View\View.php(246): include('D:\\Ampps\\www\\si...')
#8 D:\Ampps\www\siakad\system\Common.php(1119): CodeIgniter\View\View->render('layout/v_wrappe...', Array, true)
#9 D:\Ampps\www\siakad\app\Controllers\Dsn.php(26): view('layout/v_wrappe...', Array)
#10 D:\Ampps\www\siakad\system\CodeIgniter.php(923): App\Controllers\Dsn->index()
#11 D:\Ampps\www\siakad\system\CodeIgniter.php(409): CodeIgniter\CodeIgniter->runController(Object(App\Controllers\Dsn))
#12 D:\Ampps\www\siakad\system\CodeIgniter.php(317): CodeIgniter\CodeIgniter->handleRequest(NULL, Object(Config\Cache), false)
#13 D:\Ampps\www\siakad\public\index.php(45): CodeIgniter\CodeIgniter->run()
#14 {main}
CRITICAL - 2021-01-04 09:45:26 --> Undefined property: App\Controllers\Dsn::$Model_prodi
#0 D:\Ampps\www\siakad\app\Controllers\Dsn.php(189): CodeIgniter\Debug\Exceptions->errorHandler(8, 'Undefined prope...', 'D:\\Ampps\\www\\si...', 189, Array)
#1 D:\Ampps\www\siakad\system\CodeIgniter.php(923): App\Controllers\Dsn->edit('6')
#2 D:\Ampps\www\siakad\system\CodeIgniter.php(409): CodeIgniter\CodeIgniter->runController(Object(App\Controllers\Dsn))
#3 D:\Ampps\www\siakad\system\CodeIgniter.php(317): CodeIgniter\CodeIgniter->handleRequest(NULL, Object(Config\Cache), false)
#4 D:\Ampps\www\siakad\public\index.php(45): CodeIgniter\CodeIgniter->run()
#5 {main}
CRITICAL - 2021-01-04 09:54:57 --> Undefined property: App\Controllers\Dsn::$Model_dosen
#0 D:\Ampps\www\siakad\app\Controllers\Dsn.php(189): CodeIgniter\Debug\Exceptions->errorHandler(8, 'Undefined prope...', 'D:\\Ampps\\www\\si...', 189, Array)
#1 D:\Ampps\www\siakad\system\CodeIgniter.php(923): App\Controllers\Dsn->edit('6')
#2 D:\Ampps\www\siakad\system\CodeIgniter.php(409): CodeIgniter\CodeIgniter->runController(Object(App\Controllers\Dsn))
#3 D:\Ampps\www\siakad\system\CodeIgniter.php(317): CodeIgniter\CodeIgniter->handleRequest(NULL, Object(Config\Cache), false)
#4 D:\Ampps\www\siakad\public\index.php(45): CodeIgniter\CodeIgniter->run()
#5 {main}
CRITICAL - 2021-01-04 09:55:18 --> You must set the database table to be used with your query.
#0 D:\Ampps\www\siakad\system\Model.php(1237): CodeIgniter\Database\BaseConnection->table(NULL)
#1 D:\Ampps\www\siakad\system\Model.php(1816): CodeIgniter\Model->builder()
#2 D:\Ampps\www\siakad\app\Controllers\Dsn.php(189): CodeIgniter\Model->__call('detail_data', Array)
#3 D:\Ampps\www\siakad\system\CodeIgniter.php(923): App\Controllers\Dsn->edit('6')
#4 D:\Ampps\www\siakad\system\CodeIgniter.php(409): CodeIgniter\CodeIgniter->runController(Object(App\Controllers\Dsn))
#5 D:\Ampps\www\siakad\system\CodeIgniter.php(317): CodeIgniter\CodeIgniter->handleRequest(NULL, Object(Config\Cache), false)
#6 D:\Ampps\www\siakad\public\index.php(45): CodeIgniter\CodeIgniter->run()
#7 {main}
CRITICAL - 2021-01-04 10:00:29 --> Undefined property: App\Controllers\Dsn::$Model_dosen
#0 D:\Ampps\www\siakad\app\Controllers\Dsn.php(247): CodeIgniter\Debug\Exceptions->errorHandler(8, 'Undefined prope...', 'D:\\Ampps\\www\\si...', 247, Array)
#1 D:\Ampps\www\siakad\system\CodeIgniter.php(923): App\Controllers\Dsn->update('6')
#2 D:\Ampps\www\siakad\system\CodeIgniter.php(409): CodeIgniter\CodeIgniter->runController(Object(App\Controllers\Dsn))
#3 D:\Ampps\www\siakad\system\CodeIgniter.php(317): CodeIgniter\CodeIgniter->handleRequest(NULL, Object(Config\Cache), false)
#4 D:\Ampps\www\siakad\public\index.php(45): CodeIgniter\CodeIgniter->run()
#5 {main}
CRITICAL - 2021-01-04 10:03:17 --> Undefined property: App\Controllers\Dsn::$Model_dosen
#0 D:\Ampps\www\siakad\app\Controllers\Dsn.php(247): CodeIgniter\Debug\Exceptions->errorHandler(8, 'Undefined prope...', 'D:\\Ampps\\www\\si...', 247, Array)
#1 D:\Ampps\www\siakad\system\CodeIgniter.php(923): App\Controllers\Dsn->update('6')
#2 D:\Ampps\www\siakad\system\CodeIgniter.php(409): CodeIgniter\CodeIgniter->runController(Object(App\Controllers\Dsn))
#3 D:\Ampps\www\siakad\system\CodeIgniter.php(317): CodeIgniter\CodeIgniter->handleRequest(NULL, Object(Config\Cache), false)
#4 D:\Ampps\www\siakad\public\index.php(45): CodeIgniter\CodeIgniter->run()
#5 {main}
CRITICAL - 2021-01-04 20:23:39 --> Undefined property: App\Controllers\Dsn::$Model_dosen
#0 D:\Ampps\www\siakad\app\Controllers\Dsn.php(236): CodeIgniter\Debug\Exceptions->errorHandler(8, 'Undefined prope...', 'D:\\Ampps\\www\\si...', 236, Array)
#1 D:\Ampps\www\siakad\system\CodeIgniter.php(923): App\Controllers\Dsn->update('5')
#2 D:\Ampps\www\siakad\system\CodeIgniter.php(409): CodeIgniter\CodeIgniter->runController(Object(App\Controllers\Dsn))
#3 D:\Ampps\www\siakad\system\CodeIgniter.php(317): CodeIgniter\CodeIgniter->handleRequest(NULL, Object(Config\Cache), false)
#4 D:\Ampps\www\siakad\public\index.php(45): CodeIgniter\CodeIgniter->run()
#5 {main}
