CRITICAL - 2020-12-03 08:29:11 --> Call to undefined function form_open()
#0 D:\Ampps\www\siakad\system\View\View.php(246): include()
#1 D:\Ampps\www\siakad\system\Common.php(1119): CodeIgniter\View\View->render('admin/v_fakulta...', Array, true)
#2 D:\Ampps\www\siakad\app\Views\layout\v_content.php(3): view('admin/v_fakulta...')
#3 D:\Ampps\www\siakad\system\View\View.php(246): include('D:\\Ampps\\www\\si...')
#4 D:\Ampps\www\siakad\system\Common.php(1119): CodeIgniter\View\View->render('layout/v_conten...', Array, true)
#5 D:\Ampps\www\siakad\app\Views\layout\v_wrapper.php(5): view('layout/v_conten...')
#6 D:\Ampps\www\siakad\system\View\View.php(246): include('D:\\Ampps\\www\\si...')
#7 D:\Ampps\www\siakad\system\Common.php(1119): CodeIgniter\View\View->render('layout/v_wrappe...', Array, true)
#8 D:\Ampps\www\siakad\app\Controllers\Fakultas.php(19): view('layout/v_wrappe...', Array)
#9 D:\Ampps\www\siakad\system\CodeIgniter.php(923): App\Controllers\Fakultas->index()
#10 D:\Ampps\www\siakad\system\CodeIgniter.php(409): CodeIgniter\CodeIgniter->runController(Object(App\Controllers\Fakultas))
#11 D:\Ampps\www\siakad\system\CodeIgniter.php(317): CodeIgniter\CodeIgniter->handleRequest(NULL, Object(Config\Cache), false)
#12 D:\Ampps\www\siakad\public\index.php(45): CodeIgniter\CodeIgniter->run()
#13 {main}
CRITICAL - 2020-12-03 08:51:14 --> syntax error, unexpected ''csrf'' (T_CONSTANT_ENCAPSED_STRING), expecting ']'
#0 D:\Ampps\www\siakad\system\Autoloader\Autoloader.php(296): CodeIgniter\Autoloader\Autoloader->requireFile('D:\\Ampps\\www\\si...')
#1 D:\Ampps\www\siakad\system\Autoloader\Autoloader.php(258): CodeIgniter\Autoloader\Autoloader->loadInNamespace('Config\\Filters')
#2 [internal function]: CodeIgniter\Autoloader\Autoloader->loadClass('Config\\Filters')
#3 D:\Ampps\www\siakad\system\Config\Services.php(322): spl_autoload_call('Config\\Filters')
#4 D:\Ampps\www\siakad\system\Config\BaseService.php(123): CodeIgniter\Config\Services::filters(NULL, false)
#5 D:\Ampps\www\siakad\system\Config\Services.php(317): CodeIgniter\Config\BaseService::getSharedInstance('filters', NULL)
#6 D:\Ampps\www\siakad\system\CodeIgniter.php(372): CodeIgniter\Config\Services::filters()
#7 D:\Ampps\www\siakad\system\CodeIgniter.php(317): CodeIgniter\CodeIgniter->handleRequest(NULL, Object(Config\Cache), false)
#8 D:\Ampps\www\siakad\public\index.php(45): CodeIgniter\CodeIgniter->run()
#9 {main}
CRITICAL - 2020-12-03 20:50:42 --> Undefined index: nama_fakultas
#0 D:\Ampps\www\siakad\app\Views\admin\v_fakultas.php(92): CodeIgniter\Debug\Exceptions->errorHandler(8, 'Undefined index...', 'D:\\Ampps\\www\\si...', 92, Array)
#1 D:\Ampps\www\siakad\system\View\View.php(246): include('D:\\Ampps\\www\\si...')
#2 D:\Ampps\www\siakad\system\Common.php(1119): CodeIgniter\View\View->render('admin/v_fakulta...', Array, true)
#3 D:\Ampps\www\siakad\app\Views\layout\v_content.php(3): view('admin/v_fakulta...')
#4 D:\Ampps\www\siakad\system\View\View.php(246): include('D:\\Ampps\\www\\si...')
#5 D:\Ampps\www\siakad\system\Common.php(1119): CodeIgniter\View\View->render('layout/v_conten...', Array, true)
#6 D:\Ampps\www\siakad\app\Views\layout\v_wrapper.php(5): view('layout/v_conten...')
#7 D:\Ampps\www\siakad\system\View\View.php(246): include('D:\\Ampps\\www\\si...')
#8 D:\Ampps\www\siakad\system\Common.php(1119): CodeIgniter\View\View->render('layout/v_wrappe...', Array, true)
#9 D:\Ampps\www\siakad\app\Controllers\Fakultas.php(20): view('layout/v_wrappe...', Array)
#10 D:\Ampps\www\siakad\system\CodeIgniter.php(923): App\Controllers\Fakultas->index()
#11 D:\Ampps\www\siakad\system\CodeIgniter.php(409): CodeIgniter\CodeIgniter->runController(Object(App\Controllers\Fakultas))
#12 D:\Ampps\www\siakad\system\CodeIgniter.php(317): CodeIgniter\CodeIgniter->handleRequest(NULL, Object(Config\Cache), false)
#13 D:\Ampps\www\siakad\public\index.php(45): CodeIgniter\CodeIgniter->run()
#14 {main}
