CRITICAL - 2020-12-18 05:34:39 --> syntax error, unexpected '}', expecting ',' or ';'
#0 D:\Ampps\www\siakad\system\Common.php(1119): CodeIgniter\View\View->render('admin/v_set_ta', Array, true)
#1 D:\Ampps\www\siakad\app\Views\layout\v_content.php(3): view('admin/v_set_ta')
#2 D:\Ampps\www\siakad\system\View\View.php(246): include('D:\\Ampps\\www\\si...')
#3 D:\Ampps\www\siakad\system\Common.php(1119): CodeIgniter\View\View->render('layout/v_conten...', Array, true)
#4 D:\Ampps\www\siakad\app\Views\layout\v_wrapper.php(5): view('layout/v_conten...')
#5 D:\Ampps\www\siakad\system\View\View.php(246): include('D:\\Ampps\\www\\si...')
#6 D:\Ampps\www\siakad\system\Common.php(1119): CodeIgniter\View\View->render('layout/v_wrappe...', Array, true)
#7 D:\Ampps\www\siakad\app\Controllers\Ta.php(64): view('layout/v_wrappe...', Array)
#8 D:\Ampps\www\siakad\system\CodeIgniter.php(923): App\Controllers\Ta->setting()
#9 D:\Ampps\www\siakad\system\CodeIgniter.php(409): CodeIgniter\CodeIgniter->runController(Object(App\Controllers\Ta))
#10 D:\Ampps\www\siakad\system\CodeIgniter.php(317): CodeIgniter\CodeIgniter->handleRequest(NULL, Object(Config\Cache), false)
#11 D:\Ampps\www\siakad\public\index.php(45): CodeIgniter\CodeIgniter->run()
#12 {main}
CRITICAL - 2020-12-18 05:57:36 --> Undefined property: App\Controllers\Ta::$m_ta
#0 D:\Ampps\www\siakad\app\Controllers\Ta.php(73): CodeIgniter\Debug\Exceptions->errorHandler(8, 'Undefined prope...', 'D:\\Ampps\\www\\si...', 73, Array)
#1 D:\Ampps\www\siakad\system\CodeIgniter.php(923): App\Controllers\Ta->set_statusta('7')
#2 D:\Ampps\www\siakad\system\CodeIgniter.php(409): CodeIgniter\CodeIgniter->runController(Object(App\Controllers\Ta))
#3 D:\Ampps\www\siakad\system\CodeIgniter.php(317): CodeIgniter\CodeIgniter->handleRequest(NULL, Object(Config\Cache), false)
#4 D:\Ampps\www\siakad\public\index.php(45): CodeIgniter\CodeIgniter->run()
#5 {main}
CRITICAL - 2020-12-18 06:04:05 --> Too few arguments to function App\Models\Model_ta::reset_statusta(), 0 passed in D:\Ampps\www\siakad\app\Controllers\Ta.php on line 70 and exactly 1 expected
#0 D:\Ampps\www\siakad\app\Controllers\Ta.php(70): App\Models\Model_ta->reset_statusta()
#1 D:\Ampps\www\siakad\system\CodeIgniter.php(923): App\Controllers\Ta->set_statusta('4')
#2 D:\Ampps\www\siakad\system\CodeIgniter.php(409): CodeIgniter\CodeIgniter->runController(Object(App\Controllers\Ta))
#3 D:\Ampps\www\siakad\system\CodeIgniter.php(317): CodeIgniter\CodeIgniter->handleRequest(NULL, Object(Config\Cache), false)
#4 D:\Ampps\www\siakad\public\index.php(45): CodeIgniter\CodeIgniter->run()
#5 {main}
CRITICAL - 2020-12-18 08:46:41 --> Undefined property: App\Controllers\Prodi::$Model_dosen
#0 D:\Ampps\www\siakad\app\Controllers\Prodi.php(33): CodeIgniter\Debug\Exceptions->errorHandler(8, 'Undefined prope...', 'D:\\Ampps\\www\\si...', 33, Array)
#1 D:\Ampps\www\siakad\system\CodeIgniter.php(923): App\Controllers\Prodi->add()
#2 D:\Ampps\www\siakad\system\CodeIgniter.php(409): CodeIgniter\CodeIgniter->runController(Object(App\Controllers\Prodi))
#3 D:\Ampps\www\siakad\system\CodeIgniter.php(317): CodeIgniter\CodeIgniter->handleRequest(NULL, Object(Config\Cache), false)
#4 D:\Ampps\www\siakad\public\index.php(45): CodeIgniter\CodeIgniter->run()
#5 {main}
CRITICAL - 2020-12-18 08:47:25 --> syntax error, unexpected '='
#0 D:\Ampps\www\siakad\system\Common.php(1119): CodeIgniter\View\View->render('admin/prodi/v_a...', Array, true)
#1 D:\Ampps\www\siakad\app\Views\layout\v_content.php(3): view('admin/prodi/v_a...')
#2 D:\Ampps\www\siakad\system\View\View.php(246): include('D:\\Ampps\\www\\si...')
#3 D:\Ampps\www\siakad\system\Common.php(1119): CodeIgniter\View\View->render('layout/v_conten...', Array, true)
#4 D:\Ampps\www\siakad\app\Views\layout\v_wrapper.php(5): view('layout/v_conten...')
#5 D:\Ampps\www\siakad\system\View\View.php(246): include('D:\\Ampps\\www\\si...')
#6 D:\Ampps\www\siakad\system\Common.php(1119): CodeIgniter\View\View->render('layout/v_wrappe...', Array, true)
#7 D:\Ampps\www\siakad\app\Controllers\Prodi.php(36): view('layout/v_wrappe...', Array)
#8 D:\Ampps\www\siakad\system\CodeIgniter.php(923): App\Controllers\Prodi->add()
#9 D:\Ampps\www\siakad\system\CodeIgniter.php(409): CodeIgniter\CodeIgniter->runController(Object(App\Controllers\Prodi))
#10 D:\Ampps\www\siakad\system\CodeIgniter.php(317): CodeIgniter\CodeIgniter->handleRequest(NULL, Object(Config\Cache), false)
#11 D:\Ampps\www\siakad\public\index.php(45): CodeIgniter\CodeIgniter->run()
#12 {main}
CRITICAL - 2020-12-18 09:00:03 --> Illegal string offset 'nama_dosen'
#0 D:\Ampps\www\siakad\app\Views\admin\prodi\v_edit.php(62): CodeIgniter\Debug\Exceptions->errorHandler(2, 'Illegal string ...', 'D:\\Ampps\\www\\si...', 62, Array)
#1 D:\Ampps\www\siakad\system\View\View.php(246): include('D:\\Ampps\\www\\si...')
#2 D:\Ampps\www\siakad\system\Common.php(1119): CodeIgniter\View\View->render('admin/prodi/v_e...', Array, true)
#3 D:\Ampps\www\siakad\app\Views\layout\v_content.php(3): view('admin/prodi/v_e...')
#4 D:\Ampps\www\siakad\system\View\View.php(246): include('D:\\Ampps\\www\\si...')
#5 D:\Ampps\www\siakad\system\Common.php(1119): CodeIgniter\View\View->render('layout/v_conten...', Array, true)
#6 D:\Ampps\www\siakad\app\Views\layout\v_wrapper.php(5): view('layout/v_conten...')
#7 D:\Ampps\www\siakad\system\View\View.php(246): include('D:\\Ampps\\www\\si...')
#8 D:\Ampps\www\siakad\system\Common.php(1119): CodeIgniter\View\View->render('layout/v_wrappe...', Array, true)
#9 D:\Ampps\www\siakad\app\Controllers\Prodi.php(106): view('layout/v_wrappe...', Array)
#10 D:\Ampps\www\siakad\system\CodeIgniter.php(923): App\Controllers\Prodi->edit('4')
#11 D:\Ampps\www\siakad\system\CodeIgniter.php(409): CodeIgniter\CodeIgniter->runController(Object(App\Controllers\Prodi))
#12 D:\Ampps\www\siakad\system\CodeIgniter.php(317): CodeIgniter\CodeIgniter->handleRequest(NULL, Object(Config\Cache), false)
#13 D:\Ampps\www\siakad\public\index.php(45): CodeIgniter\CodeIgniter->run()
#14 {main}
CRITICAL - 2020-12-18 19:47:04 --> Invalid file: {0}
#0 D:\Ampps\www\siakad\system\View\View.php(228): CodeIgniter\Exceptions\FrameworkException::forInvalidFile('admin/jadwalkul...')
#1 D:\Ampps\www\siakad\system\Common.php(1119): CodeIgniter\View\View->render('admin/jadwalkul...', Array, true)
#2 D:\Ampps\www\siakad\app\Views\layout\v_content.php(3): view('admin/jadwalkul...')
#3 D:\Ampps\www\siakad\system\View\View.php(246): include('D:\\Ampps\\www\\si...')
#4 D:\Ampps\www\siakad\system\Common.php(1119): CodeIgniter\View\View->render('layout/v_conten...', Array, true)
#5 D:\Ampps\www\siakad\app\Views\layout\v_wrapper.php(5): view('layout/v_conten...')
#6 D:\Ampps\www\siakad\system\View\View.php(246): include('D:\\Ampps\\www\\si...')
#7 D:\Ampps\www\siakad\system\Common.php(1119): CodeIgniter\View\View->render('layout/v_wrappe...', Array, true)
#8 D:\Ampps\www\siakad\app\Controllers\Jadwalkuliah.php(34): view('layout/v_wrappe...', Array)
#9 D:\Ampps\www\siakad\system\CodeIgniter.php(923): App\Controllers\Jadwalkuliah->detail_jadwal('10')
#10 D:\Ampps\www\siakad\system\CodeIgniter.php(409): CodeIgniter\CodeIgniter->runController(Object(App\Controllers\Jadwalkuliah))
#11 D:\Ampps\www\siakad\system\CodeIgniter.php(317): CodeIgniter\CodeIgniter->handleRequest(NULL, Object(Config\Cache), false)
#12 D:\Ampps\www\siakad\public\index.php(45): CodeIgniter\CodeIgniter->run()
#13 {main}
CRITICAL - 2020-12-18 19:48:56 --> Undefined variable: matkul
#0 D:\Ampps\www\siakad\app\Views\admin\jadwalkuliah\v_detail.php(77): CodeIgniter\Debug\Exceptions->errorHandler(8, 'Undefined varia...', 'D:\\Ampps\\www\\si...', 77, Array)
#1 D:\Ampps\www\siakad\system\View\View.php(246): include('D:\\Ampps\\www\\si...')
#2 D:\Ampps\www\siakad\system\Common.php(1119): CodeIgniter\View\View->render('admin/jadwalkul...', Array, true)
#3 D:\Ampps\www\siakad\app\Views\layout\v_content.php(3): view('admin/jadwalkul...')
#4 D:\Ampps\www\siakad\system\View\View.php(246): include('D:\\Ampps\\www\\si...')
#5 D:\Ampps\www\siakad\system\Common.php(1119): CodeIgniter\View\View->render('layout/v_conten...', Array, true)
#6 D:\Ampps\www\siakad\app\Views\layout\v_wrapper.php(5): view('layout/v_conten...')
#7 D:\Ampps\www\siakad\system\View\View.php(246): include('D:\\Ampps\\www\\si...')
#8 D:\Ampps\www\siakad\system\Common.php(1119): CodeIgniter\View\View->render('layout/v_wrappe...', Array, true)
#9 D:\Ampps\www\siakad\app\Controllers\Jadwalkuliah.php(34): view('layout/v_wrappe...', Array)
#10 D:\Ampps\www\siakad\system\CodeIgniter.php(923): App\Controllers\Jadwalkuliah->detail_jadwal('10')
#11 D:\Ampps\www\siakad\system\CodeIgniter.php(409): CodeIgniter\CodeIgniter->runController(Object(App\Controllers\Jadwalkuliah))
#12 D:\Ampps\www\siakad\system\CodeIgniter.php(317): CodeIgniter\CodeIgniter->handleRequest(NULL, Object(Config\Cache), false)
#13 D:\Ampps\www\siakad\public\index.php(45): CodeIgniter\CodeIgniter->run()
#14 {main}
CRITICAL - 2020-12-18 19:49:05 --> Undefined variable: matkul
#0 D:\Ampps\www\siakad\app\Views\admin\jadwalkuliah\v_detail.php(77): CodeIgniter\Debug\Exceptions->errorHandler(8, 'Undefined varia...', 'D:\\Ampps\\www\\si...', 77, Array)
#1 D:\Ampps\www\siakad\system\View\View.php(246): include('D:\\Ampps\\www\\si...')
#2 D:\Ampps\www\siakad\system\Common.php(1119): CodeIgniter\View\View->render('admin/jadwalkul...', Array, true)
#3 D:\Ampps\www\siakad\app\Views\layout\v_content.php(3): view('admin/jadwalkul...')
#4 D:\Ampps\www\siakad\system\View\View.php(246): include('D:\\Ampps\\www\\si...')
#5 D:\Ampps\www\siakad\system\Common.php(1119): CodeIgniter\View\View->render('layout/v_conten...', Array, true)
#6 D:\Ampps\www\siakad\app\Views\layout\v_wrapper.php(5): view('layout/v_conten...')
#7 D:\Ampps\www\siakad\system\View\View.php(246): include('D:\\Ampps\\www\\si...')
#8 D:\Ampps\www\siakad\system\Common.php(1119): CodeIgniter\View\View->render('layout/v_wrappe...', Array, true)
#9 D:\Ampps\www\siakad\app\Controllers\Jadwalkuliah.php(34): view('layout/v_wrappe...', Array)
#10 D:\Ampps\www\siakad\system\CodeIgniter.php(923): App\Controllers\Jadwalkuliah->detail_jadwal('4')
#11 D:\Ampps\www\siakad\system\CodeIgniter.php(409): CodeIgniter\CodeIgniter->runController(Object(App\Controllers\Jadwalkuliah))
#12 D:\Ampps\www\siakad\system\CodeIgniter.php(317): CodeIgniter\CodeIgniter->handleRequest(NULL, Object(Config\Cache), false)
#13 D:\Ampps\www\siakad\public\index.php(45): CodeIgniter\CodeIgniter->run()
#14 {main}
CRITICAL - 2020-12-18 20:21:46 --> syntax error, unexpected '', $id_prodi)' (T_CONSTANT_ENCAPSED_STRING), expecting ')'
#0 D:\Ampps\www\siakad\system\Autoloader\Autoloader.php(296): CodeIgniter\Autoloader\Autoloader->requireFile('D:\\Ampps\\www\\si...')
#1 D:\Ampps\www\siakad\system\Autoloader\Autoloader.php(258): CodeIgniter\Autoloader\Autoloader->loadInNamespace('App\\Models\\Mode...')
#2 [internal function]: CodeIgniter\Autoloader\Autoloader->loadClass('App\\Models\\Mode...')
#3 D:\Ampps\www\siakad\app\Controllers\Jadwalkuliah.php(13): spl_autoload_call('App\\Models\\Mode...')
#4 D:\Ampps\www\siakad\system\CodeIgniter.php(895): App\Controllers\Jadwalkuliah->__construct()
#5 D:\Ampps\www\siakad\system\CodeIgniter.php(404): CodeIgniter\CodeIgniter->createController()
#6 D:\Ampps\www\siakad\system\CodeIgniter.php(317): CodeIgniter\CodeIgniter->handleRequest(NULL, Object(Config\Cache), false)
#7 D:\Ampps\www\siakad\public\index.php(45): CodeIgniter\CodeIgniter->run()
#8 {main}
CRITICAL - 2020-12-18 20:22:10 --> Unknown column 'tbl_jadwal' in 'where clause'
#0 D:\Ampps\www\siakad\system\Database\MySQLi\Connection.php(331): mysqli->query('SELECT *\nFROM `...')
#1 D:\Ampps\www\siakad\system\Database\BaseConnection.php(741): CodeIgniter\Database\MySQLi\Connection->execute('SELECT *\nFROM `...')
#2 D:\Ampps\www\siakad\system\Database\BaseConnection.php(669): CodeIgniter\Database\BaseConnection->simpleQuery('SELECT *\nFROM `...')
#3 D:\Ampps\www\siakad\system\Database\BaseBuilder.php(1860): CodeIgniter\Database\BaseConnection->query('SELECT *\nFROM `...', Array, false)
#4 D:\Ampps\www\siakad\app\Models\Model_jadwalkuliah.php(15): CodeIgniter\Database\BaseBuilder->get()
#5 D:\Ampps\www\siakad\app\Controllers\Jadwalkuliah.php(34): App\Models\Model_jadwalkuliah->alldata('1')
#6 D:\Ampps\www\siakad\system\CodeIgniter.php(923): App\Controllers\Jadwalkuliah->detail_jadwal('1')
#7 D:\Ampps\www\siakad\system\CodeIgniter.php(409): CodeIgniter\CodeIgniter->runController(Object(App\Controllers\Jadwalkuliah))
#8 D:\Ampps\www\siakad\system\CodeIgniter.php(317): CodeIgniter\CodeIgniter->handleRequest(NULL, Object(Config\Cache), false)
#9 D:\Ampps\www\siakad\public\index.php(45): CodeIgniter\CodeIgniter->run()
#10 {main}
CRITICAL - 2020-12-18 20:22:48 --> Unknown column 'tbl_jadwal' in 'where clause'
#0 D:\Ampps\www\siakad\system\Database\MySQLi\Connection.php(331): mysqli->query('SELECT *\nFROM `...')
#1 D:\Ampps\www\siakad\system\Database\BaseConnection.php(741): CodeIgniter\Database\MySQLi\Connection->execute('SELECT *\nFROM `...')
#2 D:\Ampps\www\siakad\system\Database\BaseConnection.php(669): CodeIgniter\Database\BaseConnection->simpleQuery('SELECT *\nFROM `...')
#3 D:\Ampps\www\siakad\system\Database\BaseBuilder.php(1860): CodeIgniter\Database\BaseConnection->query('SELECT *\nFROM `...', Array, false)
#4 D:\Ampps\www\siakad\app\Models\Model_jadwalkuliah.php(15): CodeIgniter\Database\BaseBuilder->get()
#5 D:\Ampps\www\siakad\app\Controllers\Jadwalkuliah.php(34): App\Models\Model_jadwalkuliah->alldata('1')
#6 D:\Ampps\www\siakad\system\CodeIgniter.php(923): App\Controllers\Jadwalkuliah->detail_jadwal('1')
#7 D:\Ampps\www\siakad\system\CodeIgniter.php(409): CodeIgniter\CodeIgniter->runController(Object(App\Controllers\Jadwalkuliah))
#8 D:\Ampps\www\siakad\system\CodeIgniter.php(317): CodeIgniter\CodeIgniter->handleRequest(NULL, Object(Config\Cache), false)
#9 D:\Ampps\www\siakad\public\index.php(45): CodeIgniter\CodeIgniter->run()
#10 {main}
CRITICAL - 2020-12-18 20:22:52 --> Unknown column 'tbl_jadwal' in 'where clause'
#0 D:\Ampps\www\siakad\system\Database\MySQLi\Connection.php(331): mysqli->query('SELECT *\nFROM `...')
#1 D:\Ampps\www\siakad\system\Database\BaseConnection.php(741): CodeIgniter\Database\MySQLi\Connection->execute('SELECT *\nFROM `...')
#2 D:\Ampps\www\siakad\system\Database\BaseConnection.php(669): CodeIgniter\Database\BaseConnection->simpleQuery('SELECT *\nFROM `...')
#3 D:\Ampps\www\siakad\system\Database\BaseBuilder.php(1860): CodeIgniter\Database\BaseConnection->query('SELECT *\nFROM `...', Array, false)
#4 D:\Ampps\www\siakad\app\Models\Model_jadwalkuliah.php(15): CodeIgniter\Database\BaseBuilder->get()
#5 D:\Ampps\www\siakad\app\Controllers\Jadwalkuliah.php(34): App\Models\Model_jadwalkuliah->alldata('1')
#6 D:\Ampps\www\siakad\system\CodeIgniter.php(923): App\Controllers\Jadwalkuliah->detail_jadwal('1')
#7 D:\Ampps\www\siakad\system\CodeIgniter.php(409): CodeIgniter\CodeIgniter->runController(Object(App\Controllers\Jadwalkuliah))
#8 D:\Ampps\www\siakad\system\CodeIgniter.php(317): CodeIgniter\CodeIgniter->handleRequest(NULL, Object(Config\Cache), false)
#9 D:\Ampps\www\siakad\public\index.php(45): CodeIgniter\CodeIgniter->run()
#10 {main}
